This is XeTeX, Version 3.14159265-2.6-0.999992 (TeX Live 2020/W32TeX) (preloaded format=xelatex 2020.4.22)  23 APR 2020 11:48
entering extended mode
 restricted \write18 enabled.
 %&-line parsing enabled.
**supplementary.tex
(./supplementary.tex
LaTeX2e <2020-02-02> patch level 5
L3 programming layer <2020-04-06>
(c:/Users/Valentine/AppData/Roaming/TinyTeX/texmf-dist/tex/latex/base/article.c
ls
Document Class: article 2019/12/20 v1.4l Standard LaTeX document class

(c:/Users/Valentine/AppData/Roaming/TinyTeX/texmf-dist/tex/latex/base/size10.cl
o
File: size10.clo 2019/12/20 v1.4l Standard LaTeX file (size option)
)
\c@part=\count163
\c@section=\count164
\c@subsection=\count165
\c@subsubsection=\count166
\c@paragraph=\count167
\c@subparagraph=\count168
\c@figure=\count169
\c@table=\count170
\abovecaptionskip=\skip47
\belowcaptionskip=\skip48
\bibindent=\dimen134
)
(c:/Users/Valentine/AppData/Roaming/TinyTeX/texmf-dist/tex/latex/lm/lmodern.sty
Package: lmodern 2009/10/30 v1.6 Latin Modern Fonts
LaTeX Font Info:    Overwriting symbol font `operators' in version `normal'
(Font)                  OT1/cmr/m/n --> OT1/lmr/m/n on input line 22.
LaTeX Font Info:    Overwriting symbol font `letters' in version `normal'
(Font)                  OML/cmm/m/it --> OML/lmm/m/it on input line 23.
LaTeX Font Info:    Overwriting symbol font `symbols' in version `normal'
(Font)                  OMS/cmsy/m/n --> OMS/lmsy/m/n on input line 24.
LaTeX Font Info:    Overwriting symbol font `largesymbols' in version `normal'
(Font)                  OMX/cmex/m/n --> OMX/lmex/m/n on input line 25.
LaTeX Font Info:    Overwriting symbol font `operators' in version `bold'
(Font)                  OT1/cmr/bx/n --> OT1/lmr/bx/n on input line 26.
LaTeX Font Info:    Overwriting symbol font `letters' in version `bold'
(Font)                  OML/cmm/b/it --> OML/lmm/b/it on input line 27.
LaTeX Font Info:    Overwriting symbol font `symbols' in version `bold'
(Font)                  OMS/cmsy/b/n --> OMS/lmsy/b/n on input line 28.
LaTeX Font Info:    Overwriting symbol font `largesymbols' in version `bold'
(Font)                  OMX/cmex/m/n --> OMX/lmex/m/n on input line 29.
LaTeX Font Info:    Overwriting math alphabet `\mathbf' in version `normal'
(Font)                  OT1/cmr/bx/n --> OT1/lmr/bx/n on input line 31.
LaTeX Font Info:    Overwriting math alphabet `\mathsf' in version `normal'
(Font)                  OT1/cmss/m/n --> OT1/lmss/m/n on input line 32.
LaTeX Font Info:    Overwriting math alphabet `\mathit' in version `normal'
(Font)                  OT1/cmr/m/it --> OT1/lmr/m/it on input line 33.
LaTeX Font Info:    Overwriting math alphabet `\mathtt' in version `normal'
(Font)                  OT1/cmtt/m/n --> OT1/lmtt/m/n on input line 34.
LaTeX Font Info:    Overwriting math alphabet `\mathbf' in version `bold'
(Font)                  OT1/cmr/bx/n --> OT1/lmr/bx/n on input line 35.
LaTeX Font Info:    Overwriting math alphabet `\mathsf' in version `bold'
(Font)                  OT1/cmss/bx/n --> OT1/lmss/bx/n on input line 36.
LaTeX Font Info:    Overwriting math alphabet `\mathit' in version `bold'
(Font)                  OT1/cmr/bx/it --> OT1/lmr/bx/it on input line 37.
LaTeX Font Info:    Overwriting math alphabet `\mathtt' in version `bold'
(Font)                  OT1/cmtt/m/n --> OT1/lmtt/m/n on input line 38.
)
(c:/Users/Valentine/AppData/Roaming/TinyTeX/texmf-dist/tex/latex/amsfonts/amssy
mb.sty
Package: amssymb 2013/01/14 v3.01 AMS font symbols

(c:/Users/Valentine/AppData/Roaming/TinyTeX/texmf-dist/tex/latex/amsfonts/amsfo
nts.sty
Package: amsfonts 2013/01/14 v3.01 Basic AMSFonts support
\@emptytoks=\toks15
\symAMSa=\mathgroup4
\symAMSb=\mathgroup5
LaTeX Font Info:    Redeclaring math symbol \hbar on input line 98.
LaTeX Font Info:    Overwriting math alphabet `\mathfrak' in version `bold'
(Font)                  U/euf/m/n --> U/euf/b/n on input line 106.
))
(c:/Users/Valentine/AppData/Roaming/TinyTeX/texmf-dist/tex/latex/amsmath/amsmat
h.sty
Package: amsmath 2020/01/20 v2.17e AMS math features
\@mathmargin=\skip49
For additional information on amsmath, use the `?' option.

(c:/Users/Valentine/AppData/Roaming/TinyTeX/texmf-dist/tex/latex/amsmath/amstex
t.sty
Package: amstext 2000/06/29 v2.01 AMS text

(c:/Users/Valentine/AppData/Roaming/TinyTeX/texmf-dist/tex/latex/amsmath/amsgen
.sty
File: amsgen.sty 1999/11/30 v2.0 generic functions
\@emptytoks=\toks16
\ex@=\dimen135
))
(c:/Users/Valentine/AppData/Roaming/TinyTeX/texmf-dist/tex/latex/amsmath/amsbsy
.sty
Package: amsbsy 1999/11/29 v1.2d Bold Symbols
\pmbraise@=\dimen136
)
(c:/Users/Valentine/AppData/Roaming/TinyTeX/texmf-dist/tex/latex/amsmath/amsopn
.sty
Package: amsopn 2016/03/08 v2.02 operator names
)
\inf@bad=\count171
LaTeX Info: Redefining \frac on input line 227.
\uproot@=\count172
\leftroot@=\count173
LaTeX Info: Redefining \overline on input line 389.
\classnum@=\count174
\DOTSCASE@=\count175
LaTeX Info: Redefining \ldots on input line 486.
LaTeX Info: Redefining \dots on input line 489.
LaTeX Info: Redefining \cdots on input line 610.
\Mathstrutbox@=\box45
\strutbox@=\box46
\big@size=\dimen137
LaTeX Font Info:    Redeclaring font encoding OML on input line 733.
LaTeX Font Info:    Redeclaring font encoding OMS on input line 734.
\macc@depth=\count176
\c@MaxMatrixCols=\count177
\dotsspace@=\muskip16
\c@parentequation=\count178
\dspbrk@lvl=\count179
\tag@help=\toks17
\row@=\count180
\column@=\count181
\maxfields@=\count182
\andhelp@=\toks18
\eqnshift@=\dimen138
\alignsep@=\dimen139
\tagshift@=\dimen140
\tagwidth@=\dimen141
\totwidth@=\dimen142
\lineht@=\dimen143
\@envbody=\toks19
\multlinegap=\skip50
\multlinetaggap=\skip51
\mathdisplay@stack=\toks20
LaTeX Info: Redefining \[ on input line 2859.
LaTeX Info: Redefining \] on input line 2860.
)
(c:/Users/Valentine/AppData/Roaming/TinyTeX/texmf-dist/tex/generic/iftex/ifxete
x.sty
Package: ifxetex 2019/10/25 v0.7 ifxetex legacy package. Use iftex instead.

(c:/Users/Valentine/AppData/Roaming/TinyTeX/texmf-dist/tex/generic/iftex/iftex.
sty
Package: iftex 2020/03/06 v1.0d TeX engine tests
))
(c:/Users/Valentine/AppData/Roaming/TinyTeX/texmf-dist/tex/generic/iftex/ifluat
ex.sty
Package: ifluatex 2019/10/25 v1.5 ifluatex legacy package. Use iftex instead.
)
(c:/Users/Valentine/AppData/Roaming/TinyTeX/texmf-dist/tex/latex/unicode-math/u
nicode-math.sty
(c:/Users/Valentine/AppData/Roaming/TinyTeX/texmf-dist/tex/latex/l3kernel/expl3
.sty
Package: expl3 2020-04-06 L3 programming layer (loader) 

(c:/Users/Valentine/AppData/Roaming/TinyTeX/texmf-dist/tex/latex/l3backend/l3ba
ckend-xdvipdfmx.def
File: l3backend-xdvipdfmx.def 2020-03-12 L3 backend support: xdvipdfmx
\g__graphics_track_int=\count183
\l__pdf_internal_box=\box47
\g__pdf_backend_object_int=\count184
\g__pdf_backend_annotation_int=\count185
))
Package: unicode-math 2020/01/31 v0.8q Unicode maths in XeLaTeX and LuaLaTeX

(c:/Users/Valentine/AppData/Roaming/TinyTeX/texmf-dist/tex/latex/unicode-math/u
nicode-math-xetex.sty
Package: unicode-math-xetex 2020/01/31 v0.8q Unicode maths in XeLaTeX and LuaLa
TeX

(c:/Users/Valentine/AppData/Roaming/TinyTeX/texmf-dist/tex/latex/l3packages/xpa
rse/xparse.sty
Package: xparse 2020-03-06 L3 Experimental document command parser
\l__xparse_current_arg_int=\count186
\g__xparse_grabber_int=\count187
\l__xparse_m_args_int=\count188
\l__xparse_v_nesting_int=\count189
)
(c:/Users/Valentine/AppData/Roaming/TinyTeX/texmf-dist/tex/latex/l3packages/l3k
eys2e/l3keys2e.sty
Package: l3keys2e 2020-03-06 LaTeX2e option processing using LaTeX3 keys
)
(c:/Users/Valentine/AppData/Roaming/TinyTeX/texmf-dist/tex/latex/fontspec/fonts
pec.sty
Package: fontspec 2020/02/21 v2.7i Font selection for XeLaTeX and LuaLaTeX

(c:/Users/Valentine/AppData/Roaming/TinyTeX/texmf-dist/tex/latex/fontspec/fonts
pec-xetex.sty
Package: fontspec-xetex 2020/02/21 v2.7i Font selection for XeLaTeX and LuaLaTe
X
\l__fontspec_script_int=\count190
\l__fontspec_language_int=\count191
\l__fontspec_strnum_int=\count192
\l__fontspec_tmp_int=\count193
\l__fontspec_tmpa_int=\count194
\l__fontspec_tmpb_int=\count195
\l__fontspec_tmpc_int=\count196
\l__fontspec_em_int=\count197
\l__fontspec_emdef_int=\count198
\l__fontspec_strong_int=\count199
\l__fontspec_strongdef_int=\count266
\l__fontspec_tmpa_dim=\dimen144
\l__fontspec_tmpb_dim=\dimen145
\l__fontspec_tmpc_dim=\dimen146

(c:/Users/Valentine/AppData/Roaming/TinyTeX/texmf-dist/tex/latex/base/fontenc.s
ty
Package: fontenc 2020/02/11 v2.0o Standard LaTeX package
)
(c:/Users/Valentine/AppData/Roaming/TinyTeX/texmf-dist/tex/latex/fontspec/fonts
pec.cfg)))
(c:/Users/Valentine/AppData/Roaming/TinyTeX/texmf-dist/tex/latex/base/fix-cm.st
y
Package: fix-cm 2015/01/14 v1.1t fixes to LaTeX

(c:/Users/Valentine/AppData/Roaming/TinyTeX/texmf-dist/tex/latex/base/ts1enc.de
f
File: ts1enc.def 2001/06/05 v3.0e (jk/car/fm) Standard LaTeX file
LaTeX Font Info:    Redeclaring font encoding TS1 on input line 47.
))
\g__um_fam_int=\count267
\g__um_fonts_used_int=\count268
\l__um_primecount_int=\count269
\g__um_primekern_muskip=\muskip17

(c:/Users/Valentine/AppData/Roaming/TinyTeX/texmf-dist/tex/latex/unicode-math/u
nicode-math-table.tex)))
(c:/Users/Valentine/AppData/Roaming/TinyTeX/texmf-dist/tex/latex/upquote/upquot
e.sty
Package: upquote 2012/04/19 v1.3 upright-quote and grave-accent glyphs in verba
tim

(c:/Users/Valentine/AppData/Roaming/TinyTeX/texmf-dist/tex/latex/base/textcomp.
sty
Package: textcomp 2020/02/02 v2.0n Standard LaTeX package
))
(c:/Users/Valentine/AppData/Roaming/TinyTeX/texmf-dist/tex/latex/xcolor/xcolor.
sty
Package: xcolor 2016/05/11 v2.12 LaTeX color extensions (UK)

(c:/Users/Valentine/AppData/Roaming/TinyTeX/texmf-dist/tex/latex/graphics-cfg/c
olor.cfg
File: color.cfg 2016/01/02 v1.6 sample color configuration
)
Package xcolor Info: Driver file: xetex.def on input line 225.

(c:/Users/Valentine/AppData/Roaming/TinyTeX/texmf-dist/tex/latex/graphics-def/x
etex.def
File: xetex.def 2017/06/24 v5.0h Graphics/color driver for xetex
)
Package xcolor Info: Model `cmy' substituted by `cmy0' on input line 1348.
Package xcolor Info: Model `RGB' extended on input line 1364.
Package xcolor Info: Model `HTML' substituted by `rgb' on input line 1366.
Package xcolor Info: Model `Hsb' substituted by `hsb' on input line 1367.
Package xcolor Info: Model `tHsb' substituted by `hsb' on input line 1368.
Package xcolor Info: Model `HSB' substituted by `hsb' on input line 1369.
Package xcolor Info: Model `Gray' substituted by `gray' on input line 1370.
Package xcolor Info: Model `wave' substituted by `hsb' on input line 1371.
)
(c:/Users/Valentine/AppData/Roaming/TinyTeX/texmf-dist/tex/latex/oberdiek/bookm
ark.sty
Package: bookmark 2019/06/04 v1.27 PDF bookmarks (HO)

(c:/Users/Valentine/AppData/Roaming/TinyTeX/texmf-dist/tex/generic/oberdiek/pdf
escape.sty
Package: pdfescape 2016/05/16 v1.14 Implements pdfTeX's escape features (HO)

(c:/Users/Valentine/AppData/Roaming/TinyTeX/texmf-dist/tex/generic/ltxcmds/ltxc
mds.sty
Package: ltxcmds 2019/12/15 v1.24 LaTeX kernel commands for general use (HO)
)
(c:/Users/Valentine/AppData/Roaming/TinyTeX/texmf-dist/tex/latex/pdftexcmds/pdf
texcmds.sty
Package: pdftexcmds 2019/11/24 v0.31 Utility functions of pdfTeX for LuaTeX (HO
)

(c:/Users/Valentine/AppData/Roaming/TinyTeX/texmf-dist/tex/generic/infwarerr/in
fwarerr.sty
Package: infwarerr 2019/12/03 v1.5 Providing info/warning/error messages (HO)
)
Package pdftexcmds Info: \pdf@primitive is available.
Package pdftexcmds Info: \pdf@ifprimitive is available.
Package pdftexcmds Info: \pdfdraftmode not found.
))
(c:/Users/Valentine/AppData/Roaming/TinyTeX/texmf-dist/tex/generic/iftex/ifpdf.
sty
Package: ifpdf 2019/10/25 v3.4 ifpdf legacy package. Use iftex instead.
)
(c:/Users/Valentine/AppData/Roaming/TinyTeX/texmf-dist/tex/generic/iftex/ifvtex
.sty
Package: ifvtex 2019/10/25 v1.7 ifvtex legacy package. Use iftex instead.
)
(c:/Users/Valentine/AppData/Roaming/TinyTeX/texmf-dist/tex/latex/hyperref/hyper
ref.sty
Package: hyperref 2020/01/14 v7.00d Hypertext links for LaTeX

(c:/Users/Valentine/AppData/Roaming/TinyTeX/texmf-dist/tex/latex/graphics/keyva
l.sty
Package: keyval 2014/10/28 v1.15 key=value parser (DPC)
\KV@toks@=\toks21
)
(c:/Users/Valentine/AppData/Roaming/TinyTeX/texmf-dist/tex/generic/kvsetkeys/kv
setkeys.sty
Package: kvsetkeys 2019/12/15 v1.18 Key value parser (HO)
)
(c:/Users/Valentine/AppData/Roaming/TinyTeX/texmf-dist/tex/generic/kvdefinekeys
/kvdefinekeys.sty
Package: kvdefinekeys 2019-12-19 v1.6 Define keys (HO)
)
(c:/Users/Valentine/AppData/Roaming/TinyTeX/texmf-dist/tex/latex/hycolor/hycolo
r.sty
Package: hycolor 2020-01-27 v1.10 Color options for hyperref/bookmark (HO)
)
(c:/Users/Valentine/AppData/Roaming/TinyTeX/texmf-dist/tex/latex/letltxmacro/le
tltxmacro.sty
Package: letltxmacro 2019/12/03 v1.6 Let assignment for LaTeX macros (HO)
)
(c:/Users/Valentine/AppData/Roaming/TinyTeX/texmf-dist/tex/latex/auxhook/auxhoo
k.sty
Package: auxhook 2019-12-17 v1.6 Hooks for auxiliary files (HO)
)
(c:/Users/Valentine/AppData/Roaming/TinyTeX/texmf-dist/tex/latex/kvoptions/kvop
tions.sty
Package: kvoptions 2019/11/29 v3.13 Key value format for package options (HO)
)
\@linkdim=\dimen147
\Hy@linkcounter=\count270
\Hy@pagecounter=\count271

(c:/Users/Valentine/AppData/Roaming/TinyTeX/texmf-dist/tex/latex/hyperref/pd1en
c.def
File: pd1enc.def 2020/01/14 v7.00d Hyperref: PDFDocEncoding definition (HO)
)
(c:/Users/Valentine/AppData/Roaming/TinyTeX/texmf-dist/tex/generic/intcalc/intc
alc.sty
Package: intcalc 2019/12/15 v1.3 Expandable calculations with integers (HO)
)
(c:/Users/Valentine/AppData/Roaming/TinyTeX/texmf-dist/tex/generic/etexcmds/ete
xcmds.sty
Package: etexcmds 2019/12/15 v1.7 Avoid name clashes with e-TeX commands (HO)
)
\Hy@SavedSpaceFactor=\count272
Package hyperref Info: Option `unicode' set `true' on input line 4421.

(c:/Users/Valentine/AppData/Roaming/TinyTeX/texmf-dist/tex/latex/hyperref/puenc
.def
File: puenc.def 2020/01/14 v7.00d Hyperref: PDF Unicode definition (HO)
)
Package hyperref Info: Hyper figures OFF on input line 4547.
Package hyperref Info: Link nesting OFF on input line 4552.
Package hyperref Info: Hyper index ON on input line 4555.
Package hyperref Info: Plain pages OFF on input line 4562.
Package hyperref Info: Backreferencing OFF on input line 4567.
Package hyperref Info: Implicit mode ON; LaTeX internals redefined.
Package hyperref Info: Bookmarks ON on input line 4800.
\c@Hy@tempcnt=\count273
(c:/Users/Valentine/AppData/Roaming/TinyTeX/texmf-dist/tex/latex/url/url.sty
\Urlmuskip=\muskip18
Package: url 2013/09/16  ver 3.4  Verb mode for urls, etc.
)
LaTeX Info: Redefining \url on input line 5159.
\XeTeXLinkMargin=\dimen148

(c:/Users/Valentine/AppData/Roaming/TinyTeX/texmf-dist/tex/generic/bitset/bitse
t.sty
Package: bitset 2019/12/09 v1.3 Handle bit-vector datatype (HO)

(c:/Users/Valentine/AppData/Roaming/TinyTeX/texmf-dist/tex/generic/bigintcalc/b
igintcalc.sty
Package: bigintcalc 2019/12/15 v1.5 Expandable calculations on big integers (HO
)
))
\Fld@menulength=\count274
\Field@Width=\dimen149
\Fld@charsize=\dimen150
Package hyperref Info: Hyper figures OFF on input line 6430.
Package hyperref Info: Link nesting OFF on input line 6435.
Package hyperref Info: Hyper index ON on input line 6438.
Package hyperref Info: backreferencing OFF on input line 6445.
Package hyperref Info: Link coloring OFF on input line 6450.
Package hyperref Info: Link coloring with OCG OFF on input line 6455.
Package hyperref Info: PDF/A mode OFF on input line 6460.
LaTeX Info: Redefining \ref on input line 6500.
LaTeX Info: Redefining \pageref on input line 6504.

(c:/Users/Valentine/AppData/Roaming/TinyTeX/texmf-dist/tex/generic/atbegshi/atb
egshi.sty
Package: atbegshi 2019/12/05 v1.19 At begin shipout hook (HO)
)
\Hy@abspage=\count275
\c@Item=\count276
\c@Hfootnote=\count277
)
Package hyperref Info: Driver (autodetected): hxetex.

(c:/Users/Valentine/AppData/Roaming/TinyTeX/texmf-dist/tex/latex/hyperref/hxete
x.def
File: hxetex.def 2020/01/14 v7.00d Hyperref driver for XeTeX

(c:/Users/Valentine/AppData/Roaming/TinyTeX/texmf-dist/tex/generic/oberdiek/str
ingenc.sty
Package: stringenc 2016/05/16 v1.11 Convert strings between diff. encodings (HO
)
)
\pdfm@box=\box48
\c@Hy@AnnotLevel=\count278
\HyField@AnnotCount=\count279
\Fld@listcount=\count280
\c@bookmark@seq@number=\count281

(c:/Users/Valentine/AppData/Roaming/TinyTeX/texmf-dist/tex/latex/oberdiek/rerun
filecheck.sty
Package: rerunfilecheck 2016/05/16 v1.8 Rerun checks for auxiliary files (HO)

(c:/Users/Valentine/AppData/Roaming/TinyTeX/texmf-dist/tex/latex/atveryend/atve
ryend.sty
Package: atveryend 2019-12-11 v1.11 Hooks at the very end of document (HO)
Package atveryend Info: \enddocument detected (standard20110627).
)
(c:/Users/Valentine/AppData/Roaming/TinyTeX/texmf-dist/tex/generic/oberdiek/uni
quecounter.sty
Package: uniquecounter 2016/05/16 v1.3 Provide unlimited unique counter (HO)
)
Package uniquecounter Info: New unique counter `rerunfilecheck' on input line 2
82.
)
\Hy@SectionHShift=\skip52
)
(c:/Users/Valentine/AppData/Roaming/TinyTeX/texmf-dist/tex/latex/oberdiek/bkm-d
vipdfm.def
File: bkm-dvipdfm.def 2019/06/04 v1.27 bookmark driver for dvipdfm (HO)
\BKM@id=\count282
))
(c:/Users/Valentine/AppData/Roaming/TinyTeX/texmf-dist/tex/latex/geometry/geome
try.sty
Package: geometry 2020/01/02 v5.9 Page Geometry
\Gm@cnth=\count283
\Gm@cntv=\count284
\c@Gm@tempcnt=\count285
\Gm@bindingoffset=\dimen151
\Gm@wd@mp=\dimen152
\Gm@odd@mp=\dimen153
\Gm@even@mp=\dimen154
\Gm@layoutwidth=\dimen155
\Gm@layoutheight=\dimen156
\Gm@layouthoffset=\dimen157
\Gm@layoutvoffset=\dimen158
\Gm@dimlist=\toks22
)
(c:/Users/Valentine/AppData/Roaming/TinyTeX/texmf-dist/tex/latex/graphics/graph
icx.sty
Package: graphicx 2019/11/30 v1.2a Enhanced LaTeX Graphics (DPC,SPQR)

(c:/Users/Valentine/AppData/Roaming/TinyTeX/texmf-dist/tex/latex/graphics/graph
ics.sty
Package: graphics 2019/11/30 v1.4a Standard LaTeX Graphics (DPC,SPQR)

(c:/Users/Valentine/AppData/Roaming/TinyTeX/texmf-dist/tex/latex/graphics/trig.
sty
Package: trig 2016/01/03 v1.10 sin cos tan (DPC)
)
(c:/Users/Valentine/AppData/Roaming/TinyTeX/texmf-dist/tex/latex/graphics-cfg/g
raphics.cfg
File: graphics.cfg 2016/06/04 v1.11 sample graphics configuration
)
Package graphics Info: Driver file: xetex.def on input line 105.
)
\Gin@req@height=\dimen159
\Gin@req@width=\dimen160
)
(c:/Users/Valentine/AppData/Roaming/TinyTeX/texmf-dist/tex/latex/grffile/grffil
e.sty
Package: grffile 2019/11/11 v2.1 Extended file name support for graphics (legac
y)
Package grffile Info: This package is an empty stub for compatibility on input 
line 40.
)
(c:/Users/Valentine/AppData/Roaming/TinyTeX/texmf-dist/tex/latex/caption/captio
n.sty
Package: caption 2020/01/03 v3.4h Customizing captions (AR)

(c:/Users/Valentine/AppData/Roaming/TinyTeX/texmf-dist/tex/latex/caption/captio
n3.sty
Package: caption3 2020/01/03 v1.8h caption3 kernel (AR)
Package caption3 Info: TeX engine: e-TeX on input line 61.
\captionmargin=\dimen161
\captionmargin@=\dimen162
\captionwidth=\dimen163
\caption@tempdima=\dimen164
\caption@indent=\dimen165
\caption@parindent=\dimen166
\caption@hangindent=\dimen167
Package caption Info: Standard document class detected.
)
\c@caption@flags=\count286
\c@continuedfloat=\count287
Package caption Info: hyperref package is loaded.
)
(c:/Users/Valentine/AppData/Roaming/TinyTeX/texmf-dist/tex/latex/booktabs/bookt
abs.sty
Package: booktabs 2020/01/12 v1.61803398 Publication quality tables
\heavyrulewidth=\dimen168
\lightrulewidth=\dimen169
\cmidrulewidth=\dimen170
\belowrulesep=\dimen171
\belowbottomsep=\dimen172
\aboverulesep=\dimen173
\abovetopsep=\dimen174
\cmidrulesep=\dimen175
\cmidrulekern=\dimen176
\defaultaddspace=\dimen177
\@cmidla=\count288
\@cmidlb=\count289
\@aboverulesep=\dimen178
\@belowrulesep=\dimen179
\@thisruleclass=\count290
\@lastruleclass=\count291
\@thisrulewidth=\dimen180
)
(c:/Users/Valentine/AppData/Roaming/TinyTeX/texmf-dist/tex/latex/tools/longtabl
e.sty
Package: longtable 2020/01/07 v4.13 Multi-page Table package (DPC)
\LTleft=\skip53
\LTright=\skip54
\LTpre=\skip55
\LTpost=\skip56
\LTchunksize=\count292
\LTcapwidth=\dimen181
\LT@head=\box49
\LT@firsthead=\box50
\LT@foot=\box51
\LT@lastfoot=\box52
\LT@cols=\count293
\LT@rows=\count294
\c@LT@tables=\count295
\c@LT@chunks=\count296
\LT@p@ftn=\toks23
)
(c:/Users/Valentine/AppData/Roaming/TinyTeX/texmf-dist/tex/latex/tools/array.st
y
Package: array 2019/08/31 v2.4l Tabular extension package (FMi)
\col@sep=\dimen182
\ar@mcellbox=\box53
\extrarowheight=\dimen183
\NC@list=\toks24
\extratabsurround=\skip57
\backup@length=\skip58
\ar@cellbox=\box54
)
(c:/Users/Valentine/AppData/Roaming/TinyTeX/texmf-dist/tex/latex/multirow/multi
row.sty
Package: multirow 2019/05/31 v2.5 Span multiple rows of a table
\multirow@colwidth=\skip59
\multirow@cntb=\count297
\multirow@dima=\skip60
\bigstrutjot=\dimen184
)
(c:/Users/Valentine/AppData/Roaming/TinyTeX/texmf-dist/tex/latex/wrapfig/wrapfi
g.sty
\wrapoverhang=\dimen185
\WF@size=\dimen186
\c@WF@wrappedlines=\count298
\WF@box=\box55
\WF@everypar=\toks25
Package: wrapfig 2003/01/31  v 3.6
)
(c:/Users/Valentine/AppData/Roaming/TinyTeX/texmf-dist/tex/latex/float/float.st
y
Package: float 2001/11/08 v1.3d Float enhancements (AL)
\c@float@type=\count299
\float@exts=\toks26
\float@box=\box56
\@float@everytoks=\toks27
\@floatcapt=\box57
)
(c:/Users/Valentine/AppData/Roaming/TinyTeX/texmf-dist/tex/latex/colortbl/color
tbl.sty
Package: colortbl 2020/01/04 v1.0e Color table columns (DPC)
\everycr=\toks28
\minrowclearance=\skip61
)
(c:/Users/Valentine/AppData/Roaming/TinyTeX/texmf-dist/tex/latex/oberdiek/pdfls
cape.sty
Package: pdflscape 2016/05/14 v0.11 Display of landscape pages in PDF (HO)

(c:/Users/Valentine/AppData/Roaming/TinyTeX/texmf-dist/tex/latex/graphics/lscap
e.sty
Package: lscape 2000/10/22 v3.01 Landscape Pages (DPC)
)
Package pdflscape Info: Auto-detected driver: dvipdfm (xetex) on input line 99.

) (c:/Users/Valentine/AppData/Roaming/TinyTeX/texmf-dist/tex/latex/tabu/tabu.st
y
Package: tabu 2019/01/11 v2.9 - flexible LaTeX tabulars (FC+tabu-fixed)

(c:/Users/Valentine/AppData/Roaming/TinyTeX/texmf-dist/tex/latex/varwidth/varwi
dth.sty
Package: varwidth 2009/03/30 ver 0.92;  Variable-width minipages
\@vwid@box=\box58
\sift@deathcycles=\count300
\@vwid@loff=\dimen187
\@vwid@roff=\dimen188
)
\c@taburow=\count301
\tabu@nbcols=\count302
\tabu@cnt=\count303
\tabu@Xcol=\count304
\tabu@alloc=\count305
\tabu@nested=\count306
\tabu@target=\dimen189
\tabu@spreadtarget=\dimen190
\tabu@naturalX=\dimen191
\tabucolX=\dimen192
\tabu@Xsum=\dimen193
\extrarowdepth=\dimen194
\abovetabulinesep=\dimen195
\belowtabulinesep=\dimen196
\tabustrutrule=\dimen197
\tabu@thebody=\toks29
\tabu@footnotes=\toks30
\tabu@box=\box59
\tabu@arstrutbox=\box60
\tabu@hleads=\box61
\tabu@vleads=\box62
\tabu@cellskip=\skip62
)
(c:/Users/Valentine/AppData/Roaming/TinyTeX/texmf-dist/tex/latex/threeparttable
/threeparttable.sty
Package: threeparttable 2003/06/13  v 3.0
\@tempboxb=\box63
)
(c:/Users/Valentine/AppData/Roaming/TinyTeX/texmf-dist/tex/latex/threeparttable
x/threeparttablex.sty
Package: threeparttablex 2013/07/23 v0.3 by daleif

(c:/Users/Valentine/AppData/Roaming/TinyTeX/texmf-dist/tex/latex/environ/enviro
n.sty
Package: environ 2014/05/04 v0.3 A new way to define environments

(c:/Users/Valentine/AppData/Roaming/TinyTeX/texmf-dist/tex/latex/trimspaces/tri
mspaces.sty
Package: trimspaces 2009/09/17 v1.1 Trim spaces around a token list
))
\TPTL@width=\skip63
)
(c:/Users/Valentine/AppData/Roaming/TinyTeX/texmf-dist/tex/generic/ulem/ulem.st
y
\UL@box=\box64
\UL@hyphenbox=\box65
\UL@skip=\skip64
\UL@hook=\toks31
\UL@height=\dimen198
\UL@pe=\count307
\UL@pixel=\dimen199
\ULC@box=\box66
Package: ulem 2019/11/18
\ULdepth=\dimen256
)
(c:/Users/Valentine/AppData/Roaming/TinyTeX/texmf-dist/tex/latex/makecell/makec
ell.sty
Package: makecell 2009/08/03 V0.1e Managing of Tab Column Heads and Cells
\rotheadsize=\dimen257
\c@nlinenum=\count308
\TeXr@lab=\toks32
) (./supplementary.aux)
\openout1 = `supplementary.aux'.

LaTeX Font Info:    Checking defaults for OML/cmm/m/it on input line 83.
LaTeX Font Info:    ... okay on input line 83.
LaTeX Font Info:    Checking defaults for OMS/cmsy/m/n on input line 83.
LaTeX Font Info:    ... okay on input line 83.
LaTeX Font Info:    Checking defaults for OT1/cmr/m/n on input line 83.
LaTeX Font Info:    ... okay on input line 83.
LaTeX Font Info:    Checking defaults for T1/cmr/m/n on input line 83.
LaTeX Font Info:    ... okay on input line 83.
LaTeX Font Info:    Checking defaults for TS1/cmr/m/n on input line 83.
LaTeX Font Info:    ... okay on input line 83.
LaTeX Font Info:    Checking defaults for TU/lmr/m/n on input line 83.
LaTeX Font Info:    ... okay on input line 83.
LaTeX Font Info:    Checking defaults for OMX/cmex/m/n on input line 83.
LaTeX Font Info:    ... okay on input line 83.
LaTeX Font Info:    Checking defaults for U/cmr/m/n on input line 83.
LaTeX Font Info:    ... okay on input line 83.
LaTeX Font Info:    Checking defaults for PD1/pdf/m/n on input line 83.
LaTeX Font Info:    ... okay on input line 83.
LaTeX Font Info:    Checking defaults for PU/pdf/m/n on input line 83.
LaTeX Font Info:    ... okay on input line 83.
LaTeX Font Info:    Overwriting math alphabet `\mathrm' in version `normal'
(Font)                  OT1/lmr/m/n --> TU/lmr/m/n on input line 83.
LaTeX Font Info:    Overwriting math alphabet `\mathit' in version `normal'
(Font)                  OT1/lmr/m/it --> TU/lmr/m/it on input line 83.
LaTeX Font Info:    Overwriting math alphabet `\mathbf' in version `normal'
(Font)                  OT1/lmr/bx/n --> TU/lmr/bx/n on input line 83.
LaTeX Font Info:    Overwriting math alphabet `\mathsf' in version `normal'
(Font)                  OT1/lmss/m/n --> TU/lmss/m/n on input line 83.
LaTeX Font Info:    Overwriting math alphabet `\mathsf' in version `bold'
(Font)                  OT1/lmss/bx/n --> TU/lmss/bx/n on input line 83.
LaTeX Font Info:    Overwriting math alphabet `\mathtt' in version `normal'
(Font)                  OT1/lmtt/m/n --> TU/lmtt/m/n on input line 83.
LaTeX Font Info:    Overwriting math alphabet `\mathtt' in version `bold'
(Font)                  OT1/lmtt/m/n --> TU/lmtt/bx/n on input line 83.

Package fontspec Info: latinmodern-math scale = 0.9999964596882403.


Package fontspec Info: latinmodern-math scale = 0.9999964596882403.


Package fontspec Info: latinmodern-math scale = 0.9999964596882403.


Package fontspec Info: Font family 'latinmodern-math.otf(0)' created for font
(fontspec)             'latinmodern-math.otf' with options
(fontspec)             [Scale=MatchLowercase,BoldItalicFont={},ItalicFont={},Sm
allCapsFont={},Script=Math,BoldFont={latinmodern-math.otf}].
(fontspec)              
(fontspec)              This font family consists of the following NFSS
(fontspec)             series/shapes:
(fontspec)              
(fontspec)             - 'normal' (m/n) with NFSS spec.:
(fontspec)             <->s*[0.9999964596882403]"[latinmodern-math.otf]/OT:scri
pt=math;language=dflt;"
(fontspec)             - 'small caps'  (m/sc) with NFSS spec.: 
(fontspec)             - 'bold' (b/n) with NFSS spec.:
(fontspec)             <->s*[0.9999964596882403]"[latinmodern-math.otf]/OT:scri
pt=math;language=dflt;"
(fontspec)             - 'bold small caps'  (b/sc) with NFSS spec.: 

LaTeX Font Info:    Font shape `TU/latinmodern-math.otf(0)/m/n' will be
(Font)              scaled to size 10.0pt on input line 83.

Package fontspec Info: latinmodern-math scale = 0.9999964596882403.


Package fontspec Info: latinmodern-math scale = 0.9999964596882403.


Package fontspec Info: latinmodern-math scale = 0.9999964596882403.


Package fontspec Info: latinmodern-math scale = 0.9999964596882403.


Package fontspec Info: latinmodern-math scale = 0.9999964596882403.


Package fontspec Info: Font family 'latinmodern-math.otf(1)' created for font
(fontspec)             'latinmodern-math.otf' with options
(fontspec)             [Scale=MatchLowercase,BoldItalicFont={},ItalicFont={},Sm
allCapsFont={},Script=Math,SizeFeatures={{Size=8.5-},{Size=6-8.5,Font=latinmode
rn-math.otf,Style=MathScript},{Size=-6,Font=latinmodern-math.otf,Style=MathScri
ptScript}},BoldFont={latinmodern-math.otf}].
(fontspec)              
(fontspec)              This font family consists of the following NFSS
(fontspec)             series/shapes:
(fontspec)              
(fontspec)             - 'normal' (m/n) with NFSS spec.:
(fontspec)             <8.5->s*[0.9999964596882403]"[latinmodern-math.otf]/OT:s
cript=math;language=dflt;"<6-8.5>s*[0.9999964596882403]"[latinmodern-math.otf]/
OT:script=math;language=dflt;+ssty=0;"<-6>s*[0.9999964596882403]"[latinmodern-m
ath.otf]/OT:script=math;language=dflt;+ssty=1;"
(fontspec)             - 'small caps'  (m/sc) with NFSS spec.: 
(fontspec)             - 'bold' (b/n) with NFSS spec.:
(fontspec)             <->s*[0.9999964596882403]"[latinmodern-math.otf]/OT:scri
pt=math;language=dflt;"
(fontspec)             - 'bold small caps'  (b/sc) with NFSS spec.: 

LaTeX Font Info:    Font shape `TU/latinmodern-math.otf(1)/m/n' will be
(Font)              scaled to size 10.0pt on input line 83.
LaTeX Font Info:    Encoding `OT1' has changed to `TU' for symbol font
(Font)              `operators' in the math version `normal' on input line 83.
LaTeX Font Info:    Overwriting symbol font `operators' in version `normal'
(Font)                  OT1/lmr/m/n --> TU/latinmodern-math.otf(1)/m/n on input
 line 83.
LaTeX Font Info:    Encoding `OT1' has changed to `TU' for symbol font
(Font)              `operators' in the math version `bold' on input line 83.
LaTeX Font Info:    Overwriting symbol font `operators' in version `bold'
(Font)                  OT1/lmr/bx/n --> TU/latinmodern-math.otf(1)/b/n on inpu
t line 83.

Package fontspec Info: latinmodern-math scale = 0.9999964596882403.


Package fontspec Info: latinmodern-math scale = 1.000096459334209.


Package fontspec Info: latinmodern-math scale = 0.9999964596882403.


Package fontspec Info: latinmodern-math scale = 1.000096459334209.


Package fontspec Info: latinmodern-math scale = 0.9999964596882403.


Package fontspec Info: latinmodern-math scale = 1.000096459334209.


Package fontspec Info: latinmodern-math scale = 0.9999964596882403.


Package fontspec Info: latinmodern-math scale = 1.000096459334209.


Package fontspec Info: latinmodern-math scale = 0.9999964596882403.


Package fontspec Info: latinmodern-math scale = 1.000096459334209.


Package fontspec Info: Font family 'latinmodern-math.otf(2)' created for font
(fontspec)             'latinmodern-math.otf' with options
(fontspec)             [Scale=MatchLowercase,BoldItalicFont={},ItalicFont={},Sm
allCapsFont={},Script=Math,SizeFeatures={{Size=8.5-},{Size=6-8.5,Font=latinmode
rn-math.otf,Style=MathScript},{Size=-6,Font=latinmodern-math.otf,Style=MathScri
ptScript}},BoldFont={latinmodern-math.otf},ScaleAgain=1.0001,FontAdjustment={\f
ontdimen
(fontspec)             8\font =6.77pt\relax \fontdimen 9\font =3.94pt\relax
(fontspec)             \fontdimen 10\font =4.44pt\relax \fontdimen 11\font
(fontspec)             =6.86pt\relax \fontdimen 12\font =3.45pt\relax
(fontspec)             \fontdimen 13\font =3.63pt\relax \fontdimen 14\font
(fontspec)             =3.63pt\relax \fontdimen 15\font =2.89pt\relax
(fontspec)             \fontdimen 16\font =2.47pt\relax \fontdimen 17\font
(fontspec)             =2.47pt\relax \fontdimen 18\font =2.5pt\relax
(fontspec)             \fontdimen 19\font =2.0pt\relax \fontdimen 22\font
(fontspec)             =2.5pt\relax \fontdimen 20\font =0pt\relax \fontdimen
(fontspec)             21\font =0pt\relax }].
(fontspec)              
(fontspec)              This font family consists of the following NFSS
(fontspec)             series/shapes:
(fontspec)              
(fontspec)             - 'normal' (m/n) with NFSS spec.:
(fontspec)             <8.5->s*[1.000096459334209]"[latinmodern-math.otf]/OT:sc
ript=math;language=dflt;"<6-8.5>s*[1.000096459334209]"[latinmodern-math.otf]/OT
:script=math;language=dflt;+ssty=0;"<-6>s*[1.000096459334209]"[latinmodern-math
.otf]/OT:script=math;language=dflt;+ssty=1;"
(fontspec)             - 'small caps'  (m/sc) with NFSS spec.: 
(fontspec)             and font adjustment code:
(fontspec)             \fontdimen 8\font =6.77pt\relax \fontdimen 9\font
(fontspec)             =3.94pt\relax \fontdimen 10\font =4.44pt\relax
(fontspec)             \fontdimen 11\font =6.86pt\relax \fontdimen 12\font
(fontspec)             =3.45pt\relax \fontdimen 13\font =3.63pt\relax
(fontspec)             \fontdimen 14\font =3.63pt\relax \fontdimen 15\font
(fontspec)             =2.89pt\relax \fontdimen 16\font =2.47pt\relax
(fontspec)             \fontdimen 17\font =2.47pt\relax \fontdimen 18\font
(fontspec)             =2.5pt\relax \fontdimen 19\font =2.0pt\relax \fontdimen
(fontspec)             22\font =2.5pt\relax \fontdimen 20\font =0pt\relax
(fontspec)             \fontdimen 21\font =0pt\relax 
(fontspec)             - 'bold' (b/n) with NFSS spec.:
(fontspec)             <->s*[1.000096459334209]"[latinmodern-math.otf]/OT:scrip
t=math;language=dflt;"
(fontspec)             - 'bold small caps'  (b/sc) with NFSS spec.: 
(fontspec)             and font adjustment code:
(fontspec)             \fontdimen 8\font =6.77pt\relax \fontdimen 9\font
(fontspec)             =3.94pt\relax \fontdimen 10\font =4.44pt\relax
(fontspec)             \fontdimen 11\font =6.86pt\relax \fontdimen 12\font
(fontspec)             =3.45pt\relax \fontdimen 13\font =3.63pt\relax
(fontspec)             \fontdimen 14\font =3.63pt\relax \fontdimen 15\font
(fontspec)             =2.89pt\relax \fontdimen 16\font =2.47pt\relax
(fontspec)             \fontdimen 17\font =2.47pt\relax \fontdimen 18\font
(fontspec)             =2.5pt\relax \fontdimen 19\font =2.0pt\relax \fontdimen
(fontspec)             22\font =2.5pt\relax \fontdimen 20\font =0pt\relax
(fontspec)             \fontdimen 21\font =0pt\relax 

LaTeX Font Info:    Encoding `OMS' has changed to `TU' for symbol font
(Font)              `symbols' in the math version `normal' on input line 83.
LaTeX Font Info:    Overwriting symbol font `symbols' in version `normal'
(Font)                  OMS/lmsy/m/n --> TU/latinmodern-math.otf(2)/m/n on inpu
t line 83.
LaTeX Font Info:    Encoding `OMS' has changed to `TU' for symbol font
(Font)              `symbols' in the math version `bold' on input line 83.
LaTeX Font Info:    Overwriting symbol font `symbols' in version `bold'
(Font)                  OMS/lmsy/b/n --> TU/latinmodern-math.otf(2)/b/n on inpu
t line 83.

Package fontspec Info: latinmodern-math scale = 0.9999964596882403.


Package fontspec Info: latinmodern-math scale = 0.9998964600422715.


Package fontspec Info: latinmodern-math scale = 0.9999964596882403.


Package fontspec Info: latinmodern-math scale = 0.9998964600422715.


Package fontspec Info: latinmodern-math scale = 0.9999964596882403.


Package fontspec Info: latinmodern-math scale = 0.9998964600422715.


Package fontspec Info: latinmodern-math scale = 0.9999964596882403.


Package fontspec Info: latinmodern-math scale = 0.9998964600422715.


Package fontspec Info: latinmodern-math scale = 0.9999964596882403.


Package fontspec Info: latinmodern-math scale = 0.9998964600422715.


Package fontspec Info: Font family 'latinmodern-math.otf(3)' created for font
(fontspec)             'latinmodern-math.otf' with options
(fontspec)             [Scale=MatchLowercase,BoldItalicFont={},ItalicFont={},Sm
allCapsFont={},Script=Math,SizeFeatures={{Size=8.5-},{Size=6-8.5,Font=latinmode
rn-math.otf,Style=MathScript},{Size=-6,Font=latinmodern-math.otf,Style=MathScri
ptScript}},BoldFont={latinmodern-math.otf},ScaleAgain=0.9999,FontAdjustment={\f
ontdimen
(fontspec)             8\font =0.4pt\relax \fontdimen 9\font =2.0pt\relax
(fontspec)             \fontdimen 10\font =1.67pt\relax \fontdimen 11\font
(fontspec)             =1.11pt\relax \fontdimen 12\font =6.0pt\relax
(fontspec)             \fontdimen 13\font =0pt\relax }].
(fontspec)              
(fontspec)              This font family consists of the following NFSS
(fontspec)             series/shapes:
(fontspec)              
(fontspec)             - 'normal' (m/n) with NFSS spec.:
(fontspec)             <8.5->s*[0.9998964600422715]"[latinmodern-math.otf]/OT:s
cript=math;language=dflt;"<6-8.5>s*[0.9998964600422715]"[latinmodern-math.otf]/
OT:script=math;language=dflt;+ssty=0;"<-6>s*[0.9998964600422715]"[latinmodern-m
ath.otf]/OT:script=math;language=dflt;+ssty=1;"
(fontspec)             - 'small caps'  (m/sc) with NFSS spec.: 
(fontspec)             and font adjustment code:
(fontspec)             \fontdimen 8\font =0.4pt\relax \fontdimen 9\font
(fontspec)             =2.0pt\relax \fontdimen 10\font =1.67pt\relax
(fontspec)             \fontdimen 11\font =1.11pt\relax \fontdimen 12\font
(fontspec)             =6.0pt\relax \fontdimen 13\font =0pt\relax 
(fontspec)             - 'bold' (b/n) with NFSS spec.:
(fontspec)             <->s*[0.9998964600422715]"[latinmodern-math.otf]/OT:scri
pt=math;language=dflt;"
(fontspec)             - 'bold small caps'  (b/sc) with NFSS spec.: 
(fontspec)             and font adjustment code:
(fontspec)             \fontdimen 8\font =0.4pt\relax \fontdimen 9\font
(fontspec)             =2.0pt\relax \fontdimen 10\font =1.67pt\relax
(fontspec)             \fontdimen 11\font =1.11pt\relax \fontdimen 12\font
(fontspec)             =6.0pt\relax \fontdimen 13\font =0pt\relax 

LaTeX Font Info:    Encoding `OMX' has changed to `TU' for symbol font
(Font)              `largesymbols' in the math version `normal' on input line 8
3.
LaTeX Font Info:    Overwriting symbol font `largesymbols' in version `normal'
(Font)                  OMX/lmex/m/n --> TU/latinmodern-math.otf(3)/m/n on inpu
t line 83.
LaTeX Font Info:    Encoding `OMX' has changed to `TU' for symbol font
(Font)              `largesymbols' in the math version `bold' on input line 83.

LaTeX Font Info:    Overwriting symbol font `largesymbols' in version `bold'
(Font)                  OMX/lmex/m/n --> TU/latinmodern-math.otf(3)/b/n on inpu
t line 83.
\AtBeginShipoutBox=\box67
Package hyperref Info: Link coloring OFF on input line 83.

(c:/Users/Valentine/AppData/Roaming/TinyTeX/texmf-dist/tex/latex/hyperref/namer
ef.sty
Package: nameref 2019/09/16 v2.46 Cross-referencing by name of section

(c:/Users/Valentine/AppData/Roaming/TinyTeX/texmf-dist/tex/latex/oberdiek/refco
unt.sty
Package: refcount 2016/05/16 v3.5 Data extraction from label references (HO)
)
(c:/Users/Valentine/AppData/Roaming/TinyTeX/texmf-dist/tex/generic/gettitlestri
ng/gettitlestring.sty
Package: gettitlestring 2019/12/15 v1.6 Cleanup title references (HO)
)
\c@section@level=\count309
)
LaTeX Info: Redefining \ref on input line 83.
LaTeX Info: Redefining \pageref on input line 83.
LaTeX Info: Redefining \nameref on input line 83.
*geometry* driver: auto-detecting
*geometry* detected driver: xetex
*geometry* verbose mode - [ preamble ] result:
* driver: xetex
* paper: <default>
* layout: <same size as paper>
* layoutoffset:(h,v)=(0.0pt,0.0pt)
* modes: 
* h-part:(L,W,R)=(72.26999pt, 469.75502pt, 72.26999pt)
* v-part:(T,H,B)=(72.26999pt, 650.43001pt, 72.26999pt)
* \paperwidth=614.295pt
* \paperheight=794.96999pt
* \textwidth=469.75502pt
* \textheight=650.43001pt
* \oddsidemargin=0.0pt
* \evensidemargin=0.0pt
* \topmargin=-37.0pt
* \headheight=12.0pt
* \headsep=25.0pt
* \topskip=10.0pt
* \footskip=30.0pt
* \marginparwidth=65.0pt
* \marginparsep=11.0pt
* \columnsep=10.0pt
* \skip\footins=9.0pt plus 4.0pt minus 2.0pt
* \hoffset=0.0pt
* \voffset=0.0pt
* \mag=1000
* \@twocolumnfalse
* \@twosidefalse
* \@mparswitchfalse
* \@reversemarginfalse
* (1in=72.27pt=25.4mm, 1cm=28.453pt)

Package caption Info: Begin \AtBeginDocument code.
Package caption Info: float package is loaded.
Package caption Info: longtable package is loaded.

(c:/Users/Valentine/AppData/Roaming/TinyTeX/texmf-dist/tex/latex/caption/ltcapt
ion.sty
Package: ltcaption 2018/08/26 v1.4a longtable captions (AR)
)
Package caption Info: threeparttable package is loaded.
Package caption Info: wrapfig package is loaded.
Package caption Info: End \AtBeginDocument code.
LaTeX Font Info:    Font shape `TU/latinmodern-math.otf(1)/m/n' will be
(Font)              scaled to size 12.0pt on input line 85.
LaTeX Font Info:    Font shape `TU/latinmodern-math.otf(1)/m/n' will be
(Font)              scaled to size 8.0pt on input line 85.
LaTeX Font Info:    Font shape `TU/latinmodern-math.otf(1)/m/n' will be
(Font)              scaled to size 6.0pt on input line 85.
LaTeX Font Info:    Trying to load font information for OML+lmm on input line 8
5.
(c:/Users/Valentine/AppData/Roaming/TinyTeX/texmf-dist/tex/latex/lm/omllmm.fd
File: omllmm.fd 2009/10/30 v1.6 Font defs for Latin Modern
)
LaTeX Font Info:    Font shape `TU/latinmodern-math.otf(2)/m/n' will be
(Font)              scaled to size 12.0011pt on input line 85.
LaTeX Font Info:    Font shape `TU/latinmodern-math.otf(2)/m/n' will be
(Font)              scaled to size 8.00073pt on input line 85.
LaTeX Font Info:    Font shape `TU/latinmodern-math.otf(2)/m/n' will be
(Font)              scaled to size 6.00055pt on input line 85.
LaTeX Font Info:    Font shape `TU/latinmodern-math.otf(3)/m/n' will be
(Font)              scaled to size 11.99872pt on input line 85.
LaTeX Font Info:    Font shape `TU/latinmodern-math.otf(3)/m/n' will be
(Font)              scaled to size 7.99915pt on input line 85.
LaTeX Font Info:    Font shape `TU/latinmodern-math.otf(3)/m/n' will be
(Font)              scaled to size 5.99936pt on input line 85.
LaTeX Font Info:    Trying to load font information for U+msa on input line 85.


(c:/Users/Valentine/AppData/Roaming/TinyTeX/texmf-dist/tex/latex/amsfonts/umsa.
fd
File: umsa.fd 2013/01/14 v3.01 AMS symbols A
)
LaTeX Font Info:    Trying to load font information for U+msb on input line 85.


(c:/Users/Valentine/AppData/Roaming/TinyTeX/texmf-dist/tex/latex/amsfonts/umsb.
fd
File: umsb.fd 2013/01/14 v3.01 AMS symbols B
) (./supplementary.lot
LaTeX Font Info:    Font shape `TU/latinmodern-math.otf(1)/m/n' will be
(Font)              scaled to size 7.0pt on input line 1.
LaTeX Font Info:    Font shape `TU/latinmodern-math.otf(1)/m/n' will be
(Font)              scaled to size 5.0pt on input line 1.
LaTeX Font Info:    Font shape `TU/latinmodern-math.otf(2)/m/n' will be
(Font)              scaled to size 10.00092pt on input line 1.
LaTeX Font Info:    Font shape `TU/latinmodern-math.otf(2)/m/n' will be
(Font)              scaled to size 7.00064pt on input line 1.
LaTeX Font Info:    Font shape `TU/latinmodern-math.otf(2)/m/n' will be
(Font)              scaled to size 5.00046pt on input line 1.
LaTeX Font Info:    Font shape `TU/latinmodern-math.otf(3)/m/n' will be
(Font)              scaled to size 9.99893pt on input line 1.
LaTeX Font Info:    Font shape `TU/latinmodern-math.otf(3)/m/n' will be
(Font)              scaled to size 6.99925pt on input line 1.
LaTeX Font Info:    Font shape `TU/latinmodern-math.otf(3)/m/n' will be
(Font)              scaled to size 4.99947pt on input line 1.
[1

])
\tf@lot=\write3
\openout3 = `supplementary.lot'.

(./supplementary.lof)
\tf@lof=\write4
\openout4 = `supplementary.lof'.

[2] [3

] [4] [5]
File: C:/Users/Valentine/Documents/Archaeo/Tese_mestrado/Article/proto.paper/an
alysis/figures/Metrics-01.png Graphic file (type bmp)
<C:/Users/Valentine/Documents/Archaeo/Tese_mestrado/Article/proto.paper/analysi
s/figures/Metrics-01.png>
File: C:/Users/Valentine/Documents/Archaeo/Tese_mestrado/Article/proto.paper/an
alysis/figures/vale_boi_map.png Graphic file (type bmp)
<C:/Users/Valentine/Documents/Archaeo/Tese_mestrado/Article/proto.paper/analysi
s/figures/vale_boi_map.png>
File: C:/Users/Valentine/Documents/Archaeo/Tese_mestrado/Article/proto.paper/an
alysis/figures/vb_plan.png Graphic file (type bmp)
<C:/Users/Valentine/Documents/Archaeo/Tese_mestrado/Article/proto.paper/analysi
s/figures/vb_plan.png>
LaTeX Font Info:    Font shape `TU/latinmodern-math.otf(1)/m/n' will be
(Font)              scaled to size 9.0pt on input line 199.
LaTeX Font Info:    Font shape `TU/latinmodern-math.otf(2)/m/n' will be
(Font)              scaled to size 9.00082pt on input line 199.
LaTeX Font Info:    Font shape `TU/latinmodern-math.otf(3)/m/n' will be
(Font)              scaled to size 8.99904pt on input line 199.

LaTeX Warning: `!h' float specifier changed to `!ht'.

File: C:/Users/Valentine/Documents/Archaeo/Tese_mestrado/Article/proto.paper/an
alysis/figures/SpatialanalysisVB.png Graphic file (type bmp)
<C:/Users/Valentine/Documents/Archaeo/Tese_mestrado/Article/proto.paper/analysi
s/figures/SpatialanalysisVB.png>
[6

]
Overfull \vbox (470.26633pt too high) has occurred while \output is active []

[7]
Overfull \hbox (2.13725pt too wide) in paragraph at lines 247--247
 []|\TU/lmr/m/n/10 Quartz
 []


Overfull \hbox (2.13725pt too wide) in paragraph at lines 247--247
[]|\TU/lmr/m/n/10 Quartz 
 []


Overfull \hbox (2.65726pt too wide) in paragraph at lines 247--247
[]|\TU/lmr/m/n/10 15.86%|  
 []


Overfull \hbox (2.65726pt too wide) in paragraph at lines 247--247
[]|\TU/lmr/m/n/10 11.76%|  
 []


Overfull \hbox (2.65726pt too wide) in paragraph at lines 247--247
[]|\TU/lmr/m/n/10 22.36%|  
 []


Overfull \hbox (2.65726pt too wide) in paragraph at lines 247--247
[]|\TU/lmr/m/n/10 47.06%|  
 []


Overfull \hbox (2.65726pt too wide) in paragraph at lines 247--247
[]|\TU/lmr/m/n/10 21.43%|  
 []


Overfull \hbox (2.65726pt too wide) in paragraph at lines 247--247
[]|\TU/lmr/m/n/10 71.88%|  
 []


Overfull \hbox (2.65726pt too wide) in paragraph at lines 247--247
[]|\TU/lmr/m/n/10 32.35%|  
 []


Overfull \hbox (2.65726pt too wide) in paragraph at lines 247--247
[]|\TU/lmr/m/n/10 70.62%|  
 []

[8]
Overfull \hbox (2.13725pt too wide) in paragraph at lines 275--275
 []|\TU/lmr/m/n/10 Quartz
 []


Overfull \hbox (2.13725pt too wide) in paragraph at lines 275--275
[]|\TU/lmr/m/n/10 Quartz 
 []


Overfull \hbox (2.65726pt too wide) in paragraph at lines 275--275
[]|\TU/lmr/m/n/10 19.53%|  
 []


Overfull \hbox (2.65726pt too wide) in paragraph at lines 275--275
[]|\TU/lmr/m/n/10 34.78%|  
 []


Overfull \hbox (2.65726pt too wide) in paragraph at lines 275--275
[]|\TU/lmr/m/n/10 26.81%|  
 []


Overfull \hbox (2.65726pt too wide) in paragraph at lines 275--275
[]|\TU/lmr/m/n/10 10.89%|  
 []


Overfull \hbox (2.65726pt too wide) in paragraph at lines 275--275
[]|\TU/lmr/m/n/10 52.17%|  
 []


Overfull \hbox (2.65726pt too wide) in paragraph at lines 275--275
[]|\TU/lmr/m/n/10 67.25%|  
 []


Overfull \hbox (2.65726pt too wide) in paragraph at lines 275--275
[]|\TU/lmr/m/n/10 55.57%|  
 []


Overfull \hbox (2.65726pt too wide) in paragraph at lines 275--275
[]|\TU/lmr/m/n/10 65.68%|  
 []

[9]
File: C:/Users/Valentine/Documents/Archaeo/Tese_mestrado/Article/proto.paper/an
alysis/figures/doleritephoto.jpg Graphic file (type bmp)
<C:/Users/Valentine/Documents/Archaeo/Tese_mestrado/Article/proto.paper/analysi
s/figures/doleritephoto.jpg>
[10




]
File: supplementary_files/figure-latex/coretypeVB-1.pdf Graphic file (type pdf)

<use supplementary_files/figure-latex/coretypeVB-1.pdf>
[11]
File: supplementary_files/figure-latex/corebloxplotVB-1.pdf Graphic file (type 
pdf)
<use supplementary_files/figure-latex/corebloxplotVB-1.pdf>
[12]
Overfull \hbox (25.63725pt too wide) in paragraph at lines 465--465
[]|\TU/lmr/m/n/9 CrossSection, 
 []


Overfull \hbox (6.81825pt too wide) in paragraph at lines 466--466
[]|\TU/lmr/m/n/9 Irregular|  
 []


Overfull \hbox (12.56026pt too wide) in paragraph at lines 467--467
[]|\TU/lmr/m/n/9 Lenticular|  
 []


Overfull \hbox (27.60826pt too wide) in paragraph at lines 469--469
[]|\TU/lmr/m/n/9 Quadrangular|  
 []


Overfull \hbox (18.86026pt too wide) in paragraph at lines 471--471
[]|\TU/lmr/m/n/9 Trapezoidal|  
 []


Overfull \hbox (13.99126pt too wide) in paragraph at lines 472--472
[]|\TU/lmr/m/n/9 Triangular|  
 []


Overfull \hbox (22.30725pt too wide) in paragraph at lines 473--473
[]|\TU/lmr/m/n/9 BlankShape, 
 []


Overfull \hbox (4.48726pt too wide) in paragraph at lines 474--474
[]|\TU/lmr/m/n/9 Circular|  
 []


Overfull \hbox (17.29427pt too wide) in paragraph at lines 475--475
[]|\TU/lmr/m/n/9 Convergent|  
 []


Overfull \hbox (10.75125pt too wide) in paragraph at lines 478--478
[]|\TU/lmr/m/n/9 Divergent|  
 []


Overfull \hbox (6.81825pt too wide) in paragraph at lines 479--479
[]|\TU/lmr/m/n/9 Irregular|  
 []


Overfull \hbox (2.28226pt too wide) in paragraph at lines 480--480
[]|\TU/lmr/m/n/9 Parallel|  
 []


Overfull \hbox (0.85126pt too wide) in paragraph at lines 483--483
[]|\TU/lmr/m/n/9 Curved|  
 []


Overfull \hbox (6.81825pt too wide) in paragraph at lines 484--484
[]|\TU/lmr/m/n/9 Irregular|  
 []


Overfull \hbox (4.20825pt too wide) in paragraph at lines 485--485
[]|\TU/lmr/m/n/9 Straight|  
 []


Overfull \hbox (3.20026pt too wide) in paragraph at lines 486--486
[]|\TU/lmr/m/n/9 Twisted|  
 []


Overfull \hbox (12.28127pt too wide) in paragraph at lines 487--487
[]|\TU/lmr/m/n/9 BlankTip, 
 []


Overfull \hbox (2.02126pt too wide) in paragraph at lines 489--489
[]|\TU/lmr/m/n/9 Feather|  
 []


Overfull \hbox (12.98326pt too wide) in paragraph at lines 491--491
[]|\TU/lmr/m/n/9 Overshoot|  
 []


Overfull \hbox (2.50726pt too wide) in paragraph at lines 492--492
[]|\TU/lmr/m/n/9 Pointed|  
 []


Overfull \hbox (30.79427pt too wide) in paragraph at lines 495--495
[]|\TU/lmr/m/n/9 PlatformType, 
 []


Overfull \hbox (5.01826pt too wide) in paragraph at lines 496--496
[]|\TU/lmr/m/n/9 Crushed|  
 []


Overfull \hbox (6.39526pt too wide) in paragraph at lines 497--497
[]|\TU/lmr/m/n/9 Dihedral|  
 []


Overfull \hbox (2.51625pt too wide) in paragraph at lines 498--498
[]|\TU/lmr/m/n/9 Faceted|  
 []


Overfull \hbox (2.64226pt too wide) in paragraph at lines 503--503
[]|\TU/lmr/m/n/9 Winged|  
 []


Overfull \hbox (37.49927pt too wide) in paragraph at lines 504--504
[]|\TU/lmr/m/n/9 PlatformCortex, 
 []


Overfull \hbox (24.01726pt too wide) in paragraph at lines 507--507
[]|\TU/lmr/m/n/9 YesComplete|  
 []


Overfull \hbox (13.11826pt too wide) in paragraph at lines 508--508
[]|\TU/lmr/m/n/9 YesPartial|  
 []


Overfull \hbox (16.53825pt too wide) in paragraph at lines 509--509
[]|\TU/lmr/m/n/9 ScarCount, 
 []

[13]
Overfull \hbox (22.34326pt too wide) in paragraph at lines 521--521
[]|\TU/lmr/m/n/9 ScarPattern, 
 []


Overfull \hbox (23.36926pt too wide) in paragraph at lines 522--522
[]|\TU/lmr/m/n/9 Bidirectional|  
 []


Overfull \hbox (17.32126pt too wide) in paragraph at lines 523--523
[]|\TU/lmr/m/n/9 Centripetal|  
 []


Overfull \hbox (3.01126pt too wide) in paragraph at lines 525--525
[]|\TU/lmr/m/n/9 Crossed|  
 []


Overfull \hbox (28.89526pt too wide) in paragraph at lines 528--528
[]|\TU/lmr/m/n/9 Unidirectional|  
 []


Overfull \hbox (1.63426pt too wide) in paragraph at lines 529--529
[]|\TU/lmr/m/n/9 Cortex, 
 []

[14] [15]
Overfull \hbox (25.63725pt too wide) in paragraph at lines 558--558
[]|\TU/lmr/m/n/9 CrossSection, 
 []


Overfull \hbox (6.81825pt too wide) in paragraph at lines 559--559
[]|\TU/lmr/m/n/9 Irregular|  
 []


Overfull \hbox (12.56026pt too wide) in paragraph at lines 560--560
[]|\TU/lmr/m/n/9 Lenticular|  
 []


Overfull \hbox (27.60826pt too wide) in paragraph at lines 562--562
[]|\TU/lmr/m/n/9 Quadrangular|  
 []


Overfull \hbox (18.86026pt too wide) in paragraph at lines 564--564
[]|\TU/lmr/m/n/9 Trapezoidal|  
 []


Overfull \hbox (13.99126pt too wide) in paragraph at lines 565--565
[]|\TU/lmr/m/n/9 Triangular|  
 []


Overfull \hbox (22.30725pt too wide) in paragraph at lines 566--566
[]|\TU/lmr/m/n/9 BlankShape, 
 []


Overfull \hbox (4.48726pt too wide) in paragraph at lines 567--567
[]|\TU/lmr/m/n/9 Circular|  
 []


Overfull \hbox (17.29427pt too wide) in paragraph at lines 568--568
[]|\TU/lmr/m/n/9 Convergent|  
 []


Overfull \hbox (10.75125pt too wide) in paragraph at lines 571--571
[]|\TU/lmr/m/n/9 Divergent|  
 []


Overfull \hbox (6.81825pt too wide) in paragraph at lines 572--572
[]|\TU/lmr/m/n/9 Irregular|  
 []


Overfull \hbox (2.28226pt too wide) in paragraph at lines 574--574
[]|\TU/lmr/m/n/9 Parallel|  
 []


Overfull \hbox (0.85126pt too wide) in paragraph at lines 577--577
[]|\TU/lmr/m/n/9 Curved|  
 []


Overfull \hbox (6.81825pt too wide) in paragraph at lines 578--578
[]|\TU/lmr/m/n/9 Irregular|  
 []


Overfull \hbox (4.20825pt too wide) in paragraph at lines 579--579
[]|\TU/lmr/m/n/9 Straight|  
 []


Overfull \hbox (3.20026pt too wide) in paragraph at lines 580--580
[]|\TU/lmr/m/n/9 Twisted|  
 []


Overfull \hbox (12.28127pt too wide) in paragraph at lines 582--582
[]|\TU/lmr/m/n/9 BlankTip, 
 []


Overfull \hbox (2.02126pt too wide) in paragraph at lines 583--583
[]|\TU/lmr/m/n/9 Feather|  
 []


Overfull \hbox (12.98326pt too wide) in paragraph at lines 585--585
[]|\TU/lmr/m/n/9 Overshoot|  
 []


Overfull \hbox (2.50726pt too wide) in paragraph at lines 586--586
[]|\TU/lmr/m/n/9 Pointed|  
 []


Overfull \hbox (30.79427pt too wide) in paragraph at lines 589--589
[]|\TU/lmr/m/n/9 PlatformType, 
 []


Overfull \hbox (5.01826pt too wide) in paragraph at lines 590--590
[]|\TU/lmr/m/n/9 Crushed|  
 []


Overfull \hbox (6.39526pt too wide) in paragraph at lines 591--591
[]|\TU/lmr/m/n/9 Dihedral|  
 []


Overfull \hbox (2.51625pt too wide) in paragraph at lines 592--592
[]|\TU/lmr/m/n/9 Faceted|  
 []


Overfull \hbox (2.64226pt too wide) in paragraph at lines 597--597
[]|\TU/lmr/m/n/9 Winged|  
 []


Overfull \hbox (37.49927pt too wide) in paragraph at lines 598--598
[]|\TU/lmr/m/n/9 PlatformCortex, 
 []


Overfull \hbox (24.01726pt too wide) in paragraph at lines 601--601
[]|\TU/lmr/m/n/9 YesComplete|  
 []


Overfull \hbox (13.11826pt too wide) in paragraph at lines 602--602
[]|\TU/lmr/m/n/9 YesPartial|  
 []


Overfull \hbox (16.53825pt too wide) in paragraph at lines 603--603
[]|\TU/lmr/m/n/9 ScarCount, 
 []


Overfull \hbox (22.34326pt too wide) in paragraph at lines 614--614
[]|\TU/lmr/m/n/9 ScarPattern, 
 []


Overfull \hbox (23.36926pt too wide) in paragraph at lines 615--615
[]|\TU/lmr/m/n/9 Bidirectional|  
 []


Overfull \hbox (17.32126pt too wide) in paragraph at lines 616--616
[]|\TU/lmr/m/n/9 Centripetal|  
 []


Overfull \hbox (28.89526pt too wide) in paragraph at lines 620--620
[]|\TU/lmr/m/n/9 Unidirectional|  
 []


Overfull \hbox (1.63426pt too wide) in paragraph at lines 621--621
[]|\TU/lmr/m/n/9 Cortex, 
 []

[16] [17] [18]
File: supplementary_files/figure-latex/flakeboxplot-1.pdf Graphic file (type pd
f)
<use supplementary_files/figure-latex/flakeboxplot-1.pdf>
[19]
Overfull \hbox (31.32771pt too wide) in paragraph at lines 703--703
[]|\TU/lmr/m/n/9 CrossSection, 
 []


Overfull \hbox (12.50871pt too wide) in paragraph at lines 704--704
[]|\TU/lmr/m/n/9 Irregular|  
 []


Overfull \hbox (0.88972pt too wide) in paragraph at lines 704--704
\TU/lmr/m/n/9 (27.3)|  
 []


Overfull \hbox (0.88972pt too wide) in paragraph at lines 704--704
\TU/lmr/m/n/9 (33.3)|  
 []


Overfull \hbox (5.51572pt too wide) in paragraph at lines 704--704
\TU/lmr/m/n/9 (100.0)|  
 []


Overfull \hbox (0.88972pt too wide) in paragraph at lines 704--705
\TU/lmr/m/n/9 (20.7)|  
 []


Overfull \hbox (18.25072pt too wide) in paragraph at lines 705--705
[]|\TU/lmr/m/n/9 Lenticular|  
 []


Overfull \hbox (33.29872pt too wide) in paragraph at lines 706--706
[]|\TU/lmr/m/n/9 Quadrangular|  
 []


Overfull \hbox (0.88972pt too wide) in paragraph at lines 706--706
\TU/lmr/m/n/9 (16.7)|  
 []


Overfull \hbox (24.55072pt too wide) in paragraph at lines 707--707
[]|\TU/lmr/m/n/9 Trapezoidal|  
 []


Overfull \hbox (0.88972pt too wide) in paragraph at lines 707--707
\TU/lmr/m/n/9 (16.7)|  
 []


Overfull \hbox (19.68172pt too wide) in paragraph at lines 709--709
[]|\TU/lmr/m/n/9 Triangular|  
 []


Overfull \hbox (0.88972pt too wide) in paragraph at lines 709--709
\TU/lmr/m/n/9 (59.1)|  
 []


Overfull \hbox (0.88972pt too wide) in paragraph at lines 709--709
\TU/lmr/m/n/9 (77.4)|  
 []


Overfull \hbox (0.88972pt too wide) in paragraph at lines 709--709
\TU/lmr/m/n/9 (33.3)|  
 []


Overfull \hbox (0.88972pt too wide) in paragraph at lines 709--710
\TU/lmr/m/n/9 (63.4)|  
 []


Overfull \hbox (27.99771pt too wide) in paragraph at lines 710--710
[]|\TU/lmr/m/n/9 BlankShape, 
 []


Overfull \hbox (22.98473pt too wide) in paragraph at lines 711--711
[]|\TU/lmr/m/n/9 Convergent|  
 []


Overfull \hbox (0.88972pt too wide) in paragraph at lines 711--711
\TU/lmr/m/n/9 (25.0)|  
 []


Overfull \hbox (0.88972pt too wide) in paragraph at lines 711--711
\TU/lmr/m/n/9 (51.6)|  
 []


Overfull \hbox (0.88972pt too wide) in paragraph at lines 711--711
\TU/lmr/m/n/9 (50.0)|  
 []


Overfull \hbox (0.88972pt too wide) in paragraph at lines 711--712
\TU/lmr/m/n/9 (36.6)|  
 []


Overfull \hbox (3.06772pt too wide) in paragraph at lines 712--712
[]|\TU/lmr/m/n/9 Dejete|  
 []


Overfull \hbox (0.88972pt too wide) in paragraph at lines 712--712
\TU/lmr/m/n/9 (16.7)|  
 []


Overfull \hbox (16.44171pt too wide) in paragraph at lines 713--713
[]|\TU/lmr/m/n/9 Divergent|  
 []


Overfull \hbox (12.50871pt too wide) in paragraph at lines 715--715
[]|\TU/lmr/m/n/9 Irregular|  
 []


Overfull \hbox (0.88972pt too wide) in paragraph at lines 715--715
\TU/lmr/m/n/9 (12.9)|  
 []


Overfull \hbox (0.88972pt too wide) in paragraph at lines 715--715
\TU/lmr/m/n/9 (16.7)|  
 []


Overfull \hbox (5.51572pt too wide) in paragraph at lines 715--715
\TU/lmr/m/n/9 (100.0)|  
 []


Overfull \hbox (0.88972pt too wide) in paragraph at lines 715--716
\TU/lmr/m/n/9 (12.2)|  
 []


Overfull \hbox (7.97272pt too wide) in paragraph at lines 716--716
[]|\TU/lmr/m/n/9 Parallel|  
 []


Overfull \hbox (0.88972pt too wide) in paragraph at lines 716--716
\TU/lmr/m/n/9 (63.6)|  
 []


Overfull \hbox (0.88972pt too wide) in paragraph at lines 716--716
\TU/lmr/m/n/9 (29.0)|  
 []


Overfull \hbox (0.88972pt too wide) in paragraph at lines 716--716
\TU/lmr/m/n/9 (16.7)|  
 []


Overfull \hbox (0.88972pt too wide) in paragraph at lines 716--717
\TU/lmr/m/n/9 (46.3)|  
 []


Overfull \hbox (6.17271pt too wide) in paragraph at lines 717--717
[]|\TU/lmr/m/n/9 Profile, 
 []


Overfull \hbox (6.54172pt too wide) in paragraph at lines 718--718
[]|\TU/lmr/m/n/9 Curved|  
 []


Overfull \hbox (0.88972pt too wide) in paragraph at lines 718--718
\TU/lmr/m/n/9 (22.7)|  
 []


Overfull \hbox (0.88972pt too wide) in paragraph at lines 718--718
\TU/lmr/m/n/9 (38.7)|  
 []


Overfull \hbox (0.88972pt too wide) in paragraph at lines 718--718
\TU/lmr/m/n/9 (16.7)|  
 []


Overfull \hbox (0.88972pt too wide) in paragraph at lines 718--719
\TU/lmr/m/n/9 (28.0)|  
 []


Overfull \hbox (12.50871pt too wide) in paragraph at lines 719--719
[]|\TU/lmr/m/n/9 Irregular|  
 []


Overfull \hbox (9.89871pt too wide) in paragraph at lines 721--721
[]|\TU/lmr/m/n/9 Straight|  
 []


Overfull \hbox (0.88972pt too wide) in paragraph at lines 721--721
\TU/lmr/m/n/9 (72.7)|  
 []


Overfull \hbox (0.88972pt too wide) in paragraph at lines 721--721
\TU/lmr/m/n/9 (48.4)|  
 []


Overfull \hbox (0.88972pt too wide) in paragraph at lines 721--721
\TU/lmr/m/n/9 (66.7)|  
 []


Overfull \hbox (5.51572pt too wide) in paragraph at lines 721--721
\TU/lmr/m/n/9 (100.0)|  
 []


Overfull \hbox (0.88972pt too wide) in paragraph at lines 721--722
\TU/lmr/m/n/9 (63.4)|  
 []


Overfull \hbox (8.89072pt too wide) in paragraph at lines 722--722
[]|\TU/lmr/m/n/9 Twisted|  
 []


Overfull \hbox (0.88972pt too wide) in paragraph at lines 722--722
\TU/lmr/m/n/9 (16.7)|  
 []


Overfull \hbox (17.97173pt too wide) in paragraph at lines 723--723
[]|\TU/lmr/m/n/9 BlankTip, 
 []


Overfull \hbox (7.71172pt too wide) in paragraph at lines 724--724
[]|\TU/lmr/m/n/9 Feather|  
 []


Overfull \hbox (0.88972pt too wide) in paragraph at lines 724--724
\TU/lmr/m/n/9 (36.4)|  
 []


Overfull \hbox (0.88972pt too wide) in paragraph at lines 724--724
\TU/lmr/m/n/9 (16.1)|  
 []


Overfull \hbox (0.88972pt too wide) in paragraph at lines 724--724
\TU/lmr/m/n/9 (33.3)|  
 []


Overfull \hbox (0.88972pt too wide) in paragraph at lines 724--725
\TU/lmr/m/n/9 (28.0)|  
 []


Overfull \hbox (0.62872pt too wide) in paragraph at lines 725--725
[]|\TU/lmr/m/n/9 Hinge|  
 []


Overfull \hbox (0.88972pt too wide) in paragraph at lines 725--725
\TU/lmr/m/n/9 (29.5)|  
 []


Overfull \hbox (0.88972pt too wide) in paragraph at lines 725--725
\TU/lmr/m/n/9 (22.6)|  
 []


Overfull \hbox (0.88972pt too wide) in paragraph at lines 725--725
\TU/lmr/m/n/9 (66.7)|  
 []


Overfull \hbox (0.88972pt too wide) in paragraph at lines 725--726
\TU/lmr/m/n/9 (29.3)|  
 []


Overfull \hbox (8.19772pt too wide) in paragraph at lines 727--727
[]|\TU/lmr/m/n/9 Pointed|  
 []


Overfull \hbox (0.88972pt too wide) in paragraph at lines 727--727
\TU/lmr/m/n/9 (25.0)|  
 []


Overfull \hbox (0.88972pt too wide) in paragraph at lines 727--727
\TU/lmr/m/n/9 (35.5)|  
 []


Overfull \hbox (0.88972pt too wide) in paragraph at lines 727--728
\TU/lmr/m/n/9 (26.8)|  
 []


Overfull \hbox (0.88972pt too wide) in paragraph at lines 728--728
\TU/lmr/m/n/9 (25.8)|  
 []


Overfull \hbox (5.51572pt too wide) in paragraph at lines 728--728
\TU/lmr/m/n/9 (100.0)|  
 []


Overfull \hbox (0.88972pt too wide) in paragraph at lines 728--729
\TU/lmr/m/n/9 (15.9)|  
 []


Overfull \hbox (36.48473pt too wide) in paragraph at lines 729--729
[]|\TU/lmr/m/n/9 PlatformType, 
 []


Overfull \hbox (10.70872pt too wide) in paragraph at lines 730--730
[]|\TU/lmr/m/n/9 Crushed|  
 []


Overfull \hbox (0.88972pt too wide) in paragraph at lines 730--730
\TU/lmr/m/n/9 (40.9)|  
 []


Overfull \hbox (0.88972pt too wide) in paragraph at lines 730--730
\TU/lmr/m/n/9 (16.1)|  
 []


Overfull \hbox (0.88972pt too wide) in paragraph at lines 730--730
\TU/lmr/m/n/9 (16.7)|  
 []


Overfull \hbox (0.88972pt too wide) in paragraph at lines 730--731
\TU/lmr/m/n/9 (29.3)|  
 []


Overfull \hbox (12.08572pt too wide) in paragraph at lines 731--731
[]|\TU/lmr/m/n/9 Dihedral|  
 []


Overfull \hbox (0.88972pt too wide) in paragraph at lines 731--731
\TU/lmr/m/n/9 (12.9)|  
 []


Overfull \hbox (3.08572pt too wide) in paragraph at lines 733--733
[]|\TU/lmr/m/n/9 Linear|  
 []


Overfull \hbox (0.88972pt too wide) in paragraph at lines 734--734
\TU/lmr/m/n/9 (45.5)|  
 []


Overfull \hbox (0.88972pt too wide) in paragraph at lines 734--734
\TU/lmr/m/n/9 (61.3)|  
 []


Overfull \hbox (0.88972pt too wide) in paragraph at lines 734--734
\TU/lmr/m/n/9 (83.3)|  
 []


Overfull \hbox (5.51572pt too wide) in paragraph at lines 734--734
\TU/lmr/m/n/9 (100.0)|  
 []


Overfull \hbox (0.88972pt too wide) in paragraph at lines 734--735
\TU/lmr/m/n/9 (54.9)|  
 []


Overfull \hbox (22.86772pt too wide) in paragraph at lines 735--735
[]|\TU/lmr/m/n/9 Punctiform|  
 []


Overfull \hbox (8.33272pt too wide) in paragraph at lines 736--736
[]|\TU/lmr/m/n/9 Winged|  
 []


Overfull \hbox (43.18973pt too wide) in paragraph at lines 737--737
[]|\TU/lmr/m/n/9 PlatformCortex, 
 []


Overfull \hbox (5.51572pt too wide) in paragraph at lines 739--739
\TU/lmr/m/n/9 (100.0)|  
 []


Overfull \hbox (0.88972pt too wide) in paragraph at lines 739--739
\TU/lmr/m/n/9 (87.1)|  
 []


Overfull \hbox (0.88972pt too wide) in paragraph at lines 739--739
\TU/lmr/m/n/9 (83.3)|  
 []


Overfull \hbox (5.51572pt too wide) in paragraph at lines 739--739
\TU/lmr/m/n/9 (100.0)|  
 []


Overfull \hbox (0.88972pt too wide) in paragraph at lines 739--740
\TU/lmr/m/n/9 (93.9)|  
 []


Overfull \hbox (29.70772pt too wide) in paragraph at lines 740--740
[]|\TU/lmr/m/n/9 YesComplete|  
 []


Overfull \hbox (0.88972pt too wide) in paragraph at lines 740--740
\TU/lmr/m/n/9 (16.7)|  
 []


Overfull \hbox (18.80872pt too wide) in paragraph at lines 741--741
[]|\TU/lmr/m/n/9 YesPartial|  
 []


Overfull \hbox (22.22871pt too wide) in paragraph at lines 742--742
[]|\TU/lmr/m/n/9 ScarCount, 
 []


Overfull \hbox (0.88972pt too wide) in paragraph at lines 743--743
\TU/lmr/m/n/9 (15.9)|  
 []


Overfull \hbox (0.88972pt too wide) in paragraph at lines 743--743
\TU/lmr/m/n/9 (50.0)|  
 []


Overfull \hbox (0.88972pt too wide) in paragraph at lines 743--744
\TU/lmr/m/n/9 (15.9)|  
 []


Overfull \hbox (0.88972pt too wide) in paragraph at lines 745--745
\TU/lmr/m/n/9 (59.1)|  
 []


Overfull \hbox (0.88972pt too wide) in paragraph at lines 745--745
\TU/lmr/m/n/9 (38.7)|  
 []


Overfull \hbox (0.88972pt too wide) in paragraph at lines 745--746
\TU/lmr/m/n/9 (46.3)|  
 []


Overfull \hbox (0.88972pt too wide) in paragraph at lines 746--746
\TU/lmr/m/n/9 (22.7)|  
 []


Overfull \hbox (0.88972pt too wide) in paragraph at lines 746--746
\TU/lmr/m/n/9 (35.5)|  
 []


Overfull \hbox (0.88972pt too wide) in paragraph at lines 746--746
\TU/lmr/m/n/9 (33.3)|  
 []


Overfull \hbox (5.51572pt too wide) in paragraph at lines 746--746
\TU/lmr/m/n/9 (100.0)|  
 []


Overfull \hbox (0.88972pt too wide) in paragraph at lines 746--747
\TU/lmr/m/n/9 (29.3)|  
 []


Overfull \hbox (0.88972pt too wide) in paragraph at lines 747--747
\TU/lmr/m/n/9 (12.9)|  
 []


Overfull \hbox (0.88972pt too wide) in paragraph at lines 747--747
\TU/lmr/m/n/9 (16.7)|  
 []


Overfull \hbox (28.03372pt too wide) in paragraph at lines 749--749
[]|\TU/lmr/m/n/9 ScarPattern, 
 []


Overfull \hbox (29.05972pt too wide) in paragraph at lines 751--751
[]|\TU/lmr/m/n/9 Bidirectional|  
 []


Overfull \hbox (0.88972pt too wide) in paragraph at lines 751--751
\TU/lmr/m/n/9 (12.9)|  
 []


Overfull \hbox (34.58572pt too wide) in paragraph at lines 752--752
[]|\TU/lmr/m/n/9 Unidirectional|  
 []


Overfull \hbox (5.51572pt too wide) in paragraph at lines 752--752
\TU/lmr/m/n/9 (100.0)|  
 []


Overfull \hbox (0.88972pt too wide) in paragraph at lines 752--752
\TU/lmr/m/n/9 (87.1)|  
 []


Overfull \hbox (5.51572pt too wide) in paragraph at lines 752--752
\TU/lmr/m/n/9 (100.0)|  
 []


Overfull \hbox (5.51572pt too wide) in paragraph at lines 752--752
\TU/lmr/m/n/9 (100.0)|  
 []


Overfull \hbox (0.88972pt too wide) in paragraph at lines 752--753
\TU/lmr/m/n/9 (95.1)|  
 []


Overfull \hbox (7.32472pt too wide) in paragraph at lines 753--753
[]|\TU/lmr/m/n/9 Cortex, 
 []


Overfull \hbox (0.88972pt too wide) in paragraph at lines 754--754
\TU/lmr/m/n/9 (95.5)|  
 []


Overfull \hbox (0.88972pt too wide) in paragraph at lines 754--754
\TU/lmr/m/n/9 (74.2)|  
 []


Overfull \hbox (5.51572pt too wide) in paragraph at lines 754--754
\TU/lmr/m/n/9 (100.0)|  
 []


Overfull \hbox (5.51572pt too wide) in paragraph at lines 754--754
\TU/lmr/m/n/9 (100.0)|  
 []


Overfull \hbox (0.88972pt too wide) in paragraph at lines 754--755
\TU/lmr/m/n/9 (87.8)|  
 []


Overfull \hbox (0.88972pt too wide) in paragraph at lines 757--757
\TU/lmr/m/n/9 (19.4)|  
 []

[20] [21]
Overfull \hbox (31.32771pt too wide) in paragraph at lines 780--780
[]|\TU/lmr/m/n/9 CrossSection, 
 []


Overfull \hbox (12.50871pt too wide) in paragraph at lines 781--781
[]|\TU/lmr/m/n/9 Irregular|  
 []


Overfull \hbox (0.88972pt too wide) in paragraph at lines 781--781
\TU/lmr/m/n/9 (27.5)|  
 []


Overfull \hbox (0.88972pt too wide) in paragraph at lines 781--781
\TU/lmr/m/n/9 (25.0)|  
 []


Overfull \hbox (0.88972pt too wide) in paragraph at lines 781--781
\TU/lmr/m/n/9 (25.0)|  
 []


Overfull \hbox (0.88972pt too wide) in paragraph at lines 781--782
\TU/lmr/m/n/9 (16.1)|  
 []


Overfull \hbox (18.25072pt too wide) in paragraph at lines 782--782
[]|\TU/lmr/m/n/9 Lenticular|  
 []


Overfull \hbox (0.89871pt too wide) in paragraph at lines 783--783
[]|\TU/lmr/m/n/9 Other|  
 []


Overfull \hbox (33.29872pt too wide) in paragraph at lines 784--784
[]|\TU/lmr/m/n/9 Quadrangular|  
 []


Overfull \hbox (24.55072pt too wide) in paragraph at lines 786--786
[]|\TU/lmr/m/n/9 Trapezoidal|  
 []


Overfull \hbox (0.88972pt too wide) in paragraph at lines 786--786
\TU/lmr/m/n/9 (13.3)|  
 []


Overfull \hbox (0.88972pt too wide) in paragraph at lines 786--786
\TU/lmr/m/n/9 (50.0)|  
 []


Overfull \hbox (0.88972pt too wide) in paragraph at lines 786--787
\TU/lmr/m/n/9 (10.2)|  
 []


Overfull \hbox (19.68172pt too wide) in paragraph at lines 787--787
[]|\TU/lmr/m/n/9 Triangular|  
 []


Overfull \hbox (0.88972pt too wide) in paragraph at lines 787--787
\TU/lmr/m/n/9 (56.9)|  
 []


Overfull \hbox (0.88972pt too wide) in paragraph at lines 787--787
\TU/lmr/m/n/9 (72.0)|  
 []


Overfull \hbox (0.88972pt too wide) in paragraph at lines 787--787
\TU/lmr/m/n/9 (75.0)|  
 []


Overfull \hbox (5.51572pt too wide) in paragraph at lines 787--787
\TU/lmr/m/n/9 (100.0)|  
 []


Overfull \hbox (0.88972pt too wide) in paragraph at lines 787--787
\TU/lmr/m/n/9 (50.0)|  
 []


Overfull \hbox (0.88972pt too wide) in paragraph at lines 787--787
\TU/lmr/m/n/9 (75.0)|  
 []


Overfull \hbox (0.88972pt too wide) in paragraph at lines 787--788
\TU/lmr/m/n/9 (66.4)|  
 []


Overfull \hbox (27.99771pt too wide) in paragraph at lines 788--788
[]|\TU/lmr/m/n/9 BlankShape, 
 []


Overfull \hbox (22.98473pt too wide) in paragraph at lines 789--789
[]|\TU/lmr/m/n/9 Convergent|  
 []


Overfull \hbox (0.88972pt too wide) in paragraph at lines 789--789
\TU/lmr/m/n/9 (27.5)|  
 []


Overfull \hbox (0.88972pt too wide) in paragraph at lines 789--789
\TU/lmr/m/n/9 (37.3)|  
 []


Overfull \hbox (0.88972pt too wide) in paragraph at lines 789--789
\TU/lmr/m/n/9 (25.0)|  
 []


Overfull \hbox (5.51572pt too wide) in paragraph at lines 789--789
\TU/lmr/m/n/9 (100.0)|  
 []


Overfull \hbox (5.51572pt too wide) in paragraph at lines 789--789
\TU/lmr/m/n/9 (100.0)|  
 []


Overfull \hbox (0.88972pt too wide) in paragraph at lines 789--789
\TU/lmr/m/n/9 (25.0)|  
 []


Overfull \hbox (0.88972pt too wide) in paragraph at lines 789--790
\TU/lmr/m/n/9 (34.3)|  
 []


Overfull \hbox (3.06772pt too wide) in paragraph at lines 790--790
[]|\TU/lmr/m/n/9 Dejete|  
 []


Overfull \hbox (16.44171pt too wide) in paragraph at lines 792--792
[]|\TU/lmr/m/n/9 Divergent|  
 []


Overfull \hbox (12.50871pt too wide) in paragraph at lines 793--793
[]|\TU/lmr/m/n/9 Irregular|  
 []


Overfull \hbox (0.88972pt too wide) in paragraph at lines 793--793
\TU/lmr/m/n/9 (13.3)|  
 []


Overfull \hbox (0.88972pt too wide) in paragraph at lines 793--793
\TU/lmr/m/n/9 (75.0)|  
 []


Overfull \hbox (0.88972pt too wide) in paragraph at lines 793--794
\TU/lmr/m/n/9 (10.9)|  
 []


Overfull \hbox (7.97272pt too wide) in paragraph at lines 794--794
[]|\TU/lmr/m/n/9 Parallel|  
 []


Overfull \hbox (0.88972pt too wide) in paragraph at lines 794--794
\TU/lmr/m/n/9 (58.8)|  
 []


Overfull \hbox (0.88972pt too wide) in paragraph at lines 794--794
\TU/lmr/m/n/9 (41.3)|  
 []


Overfull \hbox (0.88972pt too wide) in paragraph at lines 794--794
\TU/lmr/m/n/9 (75.0)|  
 []


Overfull \hbox (0.88972pt too wide) in paragraph at lines 794--795
\TU/lmr/m/n/9 (46.7)|  
 []


Overfull \hbox (6.17271pt too wide) in paragraph at lines 795--795
[]|\TU/lmr/m/n/9 Profile, 
 []


Overfull \hbox (6.54172pt too wide) in paragraph at lines 796--796
[]|\TU/lmr/m/n/9 Curved|  
 []


Overfull \hbox (0.88972pt too wide) in paragraph at lines 796--796
\TU/lmr/m/n/9 (11.8)|  
 []


Overfull \hbox (0.88972pt too wide) in paragraph at lines 796--796
\TU/lmr/m/n/9 (34.7)|  
 []


Overfull \hbox (5.51572pt too wide) in paragraph at lines 796--796
\TU/lmr/m/n/9 (100.0)|  
 []


Overfull \hbox (0.88972pt too wide) in paragraph at lines 796--797
\TU/lmr/m/n/9 (24.1)|  
 []


Overfull \hbox (12.50871pt too wide) in paragraph at lines 798--798
[]|\TU/lmr/m/n/9 Irregular|  
 []


Overfull \hbox (0.88972pt too wide) in paragraph at lines 798--798
\TU/lmr/m/n/9 (50.0)|  
 []


Overfull \hbox (0.88972pt too wide) in paragraph at lines 798--798
\TU/lmr/m/n/9 (50.0)|  
 []


Overfull \hbox (9.89871pt too wide) in paragraph at lines 799--799
[]|\TU/lmr/m/n/9 Straight|  
 []


Overfull \hbox (0.88972pt too wide) in paragraph at lines 799--799
\TU/lmr/m/n/9 (76.5)|  
 []


Overfull \hbox (0.88972pt too wide) in paragraph at lines 799--799
\TU/lmr/m/n/9 (46.7)|  
 []


Overfull \hbox (5.51572pt too wide) in paragraph at lines 799--799
\TU/lmr/m/n/9 (100.0)|  
 []


Overfull \hbox (0.88972pt too wide) in paragraph at lines 799--799
\TU/lmr/m/n/9 (50.0)|  
 []


Overfull \hbox (0.88972pt too wide) in paragraph at lines 799--799
\TU/lmr/m/n/9 (50.0)|  
 []


Overfull \hbox (0.88972pt too wide) in paragraph at lines 799--800
\TU/lmr/m/n/9 (59.1)|  
 []


Overfull \hbox (8.89072pt too wide) in paragraph at lines 800--800
[]|\TU/lmr/m/n/9 Twisted|  
 []


Overfull \hbox (0.88972pt too wide) in paragraph at lines 800--800
\TU/lmr/m/n/9 (12.0)|  
 []


Overfull \hbox (17.97173pt too wide) in paragraph at lines 801--801
[]|\TU/lmr/m/n/9 BlankTip, 
 []


Overfull \hbox (7.71172pt too wide) in paragraph at lines 802--802
[]|\TU/lmr/m/n/9 Feather|  
 []


Overfull \hbox (0.88972pt too wide) in paragraph at lines 802--802
\TU/lmr/m/n/9 (21.6)|  
 []


Overfull \hbox (0.88972pt too wide) in paragraph at lines 802--802
\TU/lmr/m/n/9 (36.0)|  
 []


Overfull \hbox (0.88972pt too wide) in paragraph at lines 802--802
\TU/lmr/m/n/9 (25.0)|  
 []


Overfull \hbox (0.88972pt too wide) in paragraph at lines 802--802
\TU/lmr/m/n/9 (50.0)|  
 []


Overfull \hbox (0.88972pt too wide) in paragraph at lines 802--803
\TU/lmr/m/n/9 (29.9)|  
 []


Overfull \hbox (0.62872pt too wide) in paragraph at lines 804--804
[]|\TU/lmr/m/n/9 Hinge|  
 []


Overfull \hbox (0.88972pt too wide) in paragraph at lines 804--804
\TU/lmr/m/n/9 (47.1)|  
 []


Overfull \hbox (0.88972pt too wide) in paragraph at lines 804--804
\TU/lmr/m/n/9 (22.7)|  
 []


Overfull \hbox (0.88972pt too wide) in paragraph at lines 804--804
\TU/lmr/m/n/9 (25.0)|  
 []


Overfull \hbox (5.51572pt too wide) in paragraph at lines 804--804
\TU/lmr/m/n/9 (100.0)|  
 []


Overfull \hbox (0.88972pt too wide) in paragraph at lines 804--805
\TU/lmr/m/n/9 (31.4)|  
 []


Overfull \hbox (18.67372pt too wide) in paragraph at lines 805--805
[]|\TU/lmr/m/n/9 Overshoot|  
 []


Overfull \hbox (8.19772pt too wide) in paragraph at lines 806--806
[]|\TU/lmr/m/n/9 Pointed|  
 []


Overfull \hbox (0.88972pt too wide) in paragraph at lines 806--806
\TU/lmr/m/n/9 (27.5)|  
 []


Overfull \hbox (0.88972pt too wide) in paragraph at lines 806--806
\TU/lmr/m/n/9 (22.7)|  
 []


Overfull \hbox (5.51572pt too wide) in paragraph at lines 806--806
\TU/lmr/m/n/9 (100.0)|  
 []


Overfull \hbox (0.88972pt too wide) in paragraph at lines 806--806
\TU/lmr/m/n/9 (50.0)|  
 []


Overfull \hbox (0.88972pt too wide) in paragraph at lines 806--807
\TU/lmr/m/n/9 (25.5)|  
 []


Overfull \hbox (0.88972pt too wide) in paragraph at lines 807--807
\TU/lmr/m/n/9 (13.3)|  
 []


Overfull \hbox (0.88972pt too wide) in paragraph at lines 807--807
\TU/lmr/m/n/9 (50.0)|  
 []


Overfull \hbox (36.48473pt too wide) in paragraph at lines 808--808
[]|\TU/lmr/m/n/9 PlatformType, 
 []


Overfull \hbox (10.70872pt too wide) in paragraph at lines 810--810
[]|\TU/lmr/m/n/9 Crushed|  
 []


Overfull \hbox (0.88972pt too wide) in paragraph at lines 810--810
\TU/lmr/m/n/9 (47.1)|  
 []


Overfull \hbox (0.88972pt too wide) in paragraph at lines 810--810
\TU/lmr/m/n/9 (14.7)|  
 []


Overfull \hbox (0.88972pt too wide) in paragraph at lines 810--810
\TU/lmr/m/n/9 (50.0)|  
 []


Overfull \hbox (0.88972pt too wide) in paragraph at lines 810--811
\TU/lmr/m/n/9 (27.0)|  
 []


Overfull \hbox (12.08572pt too wide) in paragraph at lines 811--811
[]|\TU/lmr/m/n/9 Dihedral|  
 []


Overfull \hbox (8.20671pt too wide) in paragraph at lines 812--812
[]|\TU/lmr/m/n/9 Faceted|  
 []


Overfull \hbox (5.51572pt too wide) in paragraph at lines 812--812
\TU/lmr/m/n/9 (100.0)|  
 []


Overfull \hbox (3.08572pt too wide) in paragraph at lines 813--813
[]|\TU/lmr/m/n/9 Linear|  
 []


Overfull \hbox (0.88972pt too wide) in paragraph at lines 814--814
\TU/lmr/m/n/9 (47.1)|  
 []


Overfull \hbox (0.88972pt too wide) in paragraph at lines 814--814
\TU/lmr/m/n/9 (69.3)|  
 []


Overfull \hbox (0.88972pt too wide) in paragraph at lines 814--814
\TU/lmr/m/n/9 (75.0)|  
 []


Overfull \hbox (5.51572pt too wide) in paragraph at lines 814--814
\TU/lmr/m/n/9 (100.0)|  
 []


Overfull \hbox (0.88972pt too wide) in paragraph at lines 814--814
\TU/lmr/m/n/9 (50.0)|  
 []


Overfull \hbox (0.88972pt too wide) in paragraph at lines 814--815
\TU/lmr/m/n/9 (60.6)|  
 []


Overfull \hbox (8.33272pt too wide) in paragraph at lines 816--816
[]|\TU/lmr/m/n/9 Winged|  
 []


Overfull \hbox (0.88972pt too wide) in paragraph at lines 816--816
\TU/lmr/m/n/9 (25.0)|  
 []


Overfull \hbox (43.18973pt too wide) in paragraph at lines 817--817
[]|\TU/lmr/m/n/9 PlatformCortex, 
 []


Overfull \hbox (5.51572pt too wide) in paragraph at lines 818--818
\TU/lmr/m/n/9 (100.0)|  
 []


Overfull \hbox (0.88972pt too wide) in paragraph at lines 818--818
\TU/lmr/m/n/9 (86.7)|  
 []


Overfull \hbox (5.51572pt too wide) in paragraph at lines 818--818
\TU/lmr/m/n/9 (100.0)|  
 []


Overfull \hbox (5.51572pt too wide) in paragraph at lines 818--818
\TU/lmr/m/n/9 (100.0)|  
 []


Overfull \hbox (5.51572pt too wide) in paragraph at lines 818--818
\TU/lmr/m/n/9 (100.0)|  
 []


Overfull \hbox (5.51572pt too wide) in paragraph at lines 818--818
\TU/lmr/m/n/9 (100.0)|  
 []


Overfull \hbox (0.88972pt too wide) in paragraph at lines 818--819
\TU/lmr/m/n/9 (92.7)|  
 []


Overfull \hbox (29.70772pt too wide) in paragraph at lines 819--819
[]|\TU/lmr/m/n/9 YesComplete|  
 []


Overfull \hbox (0.88972pt too wide) in paragraph at lines 819--819
\TU/lmr/m/n/9 (13.3)|  
 []


Overfull \hbox (22.22871pt too wide) in paragraph at lines 820--820
[]|\TU/lmr/m/n/9 ScarCount, 
 []


Overfull \hbox (0.88972pt too wide) in paragraph at lines 823--823
\TU/lmr/m/n/9 (11.8)|  
 []


Overfull \hbox (0.88972pt too wide) in paragraph at lines 823--823
\TU/lmr/m/n/9 (25.0)|  
 []


Overfull \hbox (0.88972pt too wide) in paragraph at lines 824--824
\TU/lmr/m/n/9 (68.6)|  
 []


Overfull \hbox (0.88972pt too wide) in paragraph at lines 824--824
\TU/lmr/m/n/9 (45.3)|  
 []


Overfull \hbox (0.88972pt too wide) in paragraph at lines 824--824
\TU/lmr/m/n/9 (50.0)|  
 []


Overfull \hbox (0.88972pt too wide) in paragraph at lines 824--824
\TU/lmr/m/n/9 (50.0)|  
 []


Overfull \hbox (0.88972pt too wide) in paragraph at lines 824--825
\TU/lmr/m/n/9 (53.3)|  
 []


Overfull \hbox (0.88972pt too wide) in paragraph at lines 825--825
\TU/lmr/m/n/9 (15.7)|  
 []


Overfull \hbox (0.88972pt too wide) in paragraph at lines 825--825
\TU/lmr/m/n/9 (42.7)|  
 []


Overfull \hbox (5.51572pt too wide) in paragraph at lines 825--825
\TU/lmr/m/n/9 (100.0)|  
 []


Overfull \hbox (5.51572pt too wide) in paragraph at lines 825--825
\TU/lmr/m/n/9 (100.0)|  
 []


Overfull \hbox (0.88972pt too wide) in paragraph at lines 825--825
\TU/lmr/m/n/9 (50.0)|  
 []


Overfull \hbox (0.88972pt too wide) in paragraph at lines 825--826
\TU/lmr/m/n/9 (32.8)|  
 []


Overfull \hbox (0.88972pt too wide) in paragraph at lines 829--829
\TU/lmr/m/n/9 (25.0)|  
 []


Overfull \hbox (28.03372pt too wide) in paragraph at lines 830--830
[]|\TU/lmr/m/n/9 ScarPattern, 
 []


Overfull \hbox (29.05972pt too wide) in paragraph at lines 831--831
[]|\TU/lmr/m/n/9 Bidirectional|  
 []


Overfull \hbox (0.88972pt too wide) in paragraph at lines 831--831
\TU/lmr/m/n/9 (25.0)|  
 []


Overfull \hbox (34.58572pt too wide) in paragraph at lines 834--834
[]|\TU/lmr/m/n/9 Unidirectional|  
 []


Overfull \hbox (0.88972pt too wide) in paragraph at lines 834--834
\TU/lmr/m/n/9 (98.0)|  
 []


Overfull \hbox (0.88972pt too wide) in paragraph at lines 834--834
\TU/lmr/m/n/9 (94.7)|  
 []


Overfull \hbox (5.51572pt too wide) in paragraph at lines 834--834
\TU/lmr/m/n/9 (100.0)|  
 []


Overfull \hbox (5.51572pt too wide) in paragraph at lines 834--834
\TU/lmr/m/n/9 (100.0)|  
 []


Overfull \hbox (5.51572pt too wide) in paragraph at lines 834--834
\TU/lmr/m/n/9 (100.0)|  
 []


Overfull \hbox (0.88972pt too wide) in paragraph at lines 834--834
\TU/lmr/m/n/9 (75.0)|  
 []


Overfull \hbox (0.88972pt too wide) in paragraph at lines 834--835
\TU/lmr/m/n/9 (95.6)|  
 []


Overfull \hbox (7.32472pt too wide) in paragraph at lines 835--835
[]|\TU/lmr/m/n/9 Cortex, 
 []


Overfull \hbox (0.88972pt too wide) in paragraph at lines 836--836
\TU/lmr/m/n/9 (94.1)|  
 []


Overfull \hbox (0.88972pt too wide) in paragraph at lines 836--836
\TU/lmr/m/n/9 (72.0)|  
 []


Overfull \hbox (0.88972pt too wide) in paragraph at lines 836--836
\TU/lmr/m/n/9 (75.0)|  
 []


Overfull \hbox (5.51572pt too wide) in paragraph at lines 836--836
\TU/lmr/m/n/9 (100.0)|  
 []


Overfull \hbox (5.51572pt too wide) in paragraph at lines 836--836
\TU/lmr/m/n/9 (100.0)|  
 []


Overfull \hbox (5.51572pt too wide) in paragraph at lines 836--836
\TU/lmr/m/n/9 (100.0)|  
 []


Overfull \hbox (0.88972pt too wide) in paragraph at lines 836--837
\TU/lmr/m/n/9 (81.8)|  
 []


Overfull \hbox (0.88972pt too wide) in paragraph at lines 837--837
\TU/lmr/m/n/9 (13.3)|  
 []


Overfull \hbox (0.88972pt too wide) in paragraph at lines 840--840
\TU/lmr/m/n/9 (25.0)|  
 []

[22] [23] [24] [25]
Overfull \hbox (2.13725pt too wide) in paragraph at lines 912--912
 []|\TU/lmr/m/n/10 Quartz
 []


Overfull \hbox (2.13725pt too wide) in paragraph at lines 912--912
[]|\TU/lmr/m/n/10 Quartz 
 []


Overfull \hbox (2.65726pt too wide) in paragraph at lines 912--912
[]|\TU/lmr/m/n/10 10.53%|  
 []


Overfull \hbox (2.65726pt too wide) in paragraph at lines 912--912
[]|\TU/lmr/m/n/10 10.53%|  
 []


Overfull \hbox (2.65726pt too wide) in paragraph at lines 912--912
[]|\TU/lmr/m/n/10 12.73%|  
 []


Overfull \hbox (2.65726pt too wide) in paragraph at lines 912--912
[]|\TU/lmr/m/n/10 53.33%|  
 []


Overfull \hbox (2.65726pt too wide) in paragraph at lines 912--912
[]|\TU/lmr/m/n/10 15.79%|  
 []


Overfull \hbox (2.65726pt too wide) in paragraph at lines 912--912
[]|\TU/lmr/m/n/10 25.45%|  
 []


Overfull \hbox (2.65726pt too wide) in paragraph at lines 912--912
[]|\TU/lmr/m/n/10 28.95%|  
 []


Overfull \hbox (2.65726pt too wide) in paragraph at lines 912--912
[]|\TU/lmr/m/n/10 27.27%|  
 []

[26]
Overfull \hbox (2.13725pt too wide) in paragraph at lines 946--946
 []|\TU/lmr/m/n/10 Quartz
 []


Overfull \hbox (2.13725pt too wide) in paragraph at lines 946--946
[]|\TU/lmr/m/n/10 Quartz 
 []


Overfull \hbox (2.65726pt too wide) in paragraph at lines 946--946
[]|\TU/lmr/m/n/10 22.32%|  
 []


Overfull \hbox (2.65726pt too wide) in paragraph at lines 946--946
[]|\TU/lmr/m/n/10 29.41%|  
 []


Overfull \hbox (2.65726pt too wide) in paragraph at lines 946--946
[]|\TU/lmr/m/n/10 11.61%|  
 []


Overfull \hbox (2.65726pt too wide) in paragraph at lines 946--946
[]|\TU/lmr/m/n/10 44.12%|  
 []


Overfull \hbox (2.65726pt too wide) in paragraph at lines 946--946
[]|\TU/lmr/m/n/10 17.14%|  
 []


Overfull \hbox (2.65726pt too wide) in paragraph at lines 946--946
[]|\TU/lmr/m/n/10 24.11%|  
 []


Overfull \hbox (2.65726pt too wide) in paragraph at lines 946--946
[]|\TU/lmr/m/n/10 11.76%|  
 []

[27]
File: C:/Users/Valentine/Documents/Archaeo/Tese_mestrado/Article/proto.paper/an
alysis/figures/picareiro_map.png Graphic file (type bmp)
<C:/Users/Valentine/Documents/Archaeo/Tese_mestrado/Article/proto.paper/analysi
s/figures/picareiro_map.png>
File: C:/Users/Valentine/Documents/Archaeo/Tese_mestrado/Article/proto.paper/an
alysis/figures/lp_cross_section.jpg Graphic file (type bmp)
<C:/Users/Valentine/Documents/Archaeo/Tese_mestrado/Article/proto.paper/analysi
s/figures/lp_cross_section.jpg>
[28




] [29

] [30] [31]
File: C:/Users/Valentine/Documents/Archaeo/Tese_mestrado/Article/proto.paper/an
alysis/figures/LPspatial.jpg Graphic file (type bmp)
<C:/Users/Valentine/Documents/Archaeo/Tese_mestrado/Article/proto.paper/analysi
s/figures/LPspatial.jpg>
[32


] [33

] [34]
File: supplementary_files/figure-latex/coretypeLP-1.pdf Graphic file (type pdf)

<use supplementary_files/figure-latex/coretypeLP-1.pdf>
File: supplementary_files/figure-latex/corebloxplotLP-1.pdf Graphic file (type 
pdf)
<use supplementary_files/figure-latex/corebloxplotLP-1.pdf>
[35] [36] [37] [38]
File: supplementary_files/figure-latex/flakeboxplotLP-1.pdf Graphic file (type 
pdf)
<use supplementary_files/figure-latex/flakeboxplotLP-1.pdf>
[39] [40] [41] [42]
Package atveryend Info: Empty hook `BeforeClearDocument' on input line 1622.
[43]
Package atveryend Info: Empty hook `AfterLastShipout' on input line 1622.
(./supplementary.aux)
Package atveryend Info: Empty hook `AtVeryEndDocument' on input line 1622.
Package atveryend Info: Empty hook `AtEndAfterFileList' on input line 1622.
Package atveryend Info: Empty hook `AtVeryVeryEnd' on input line 1622.
 ) 
Here is how much of TeX's memory you used:
 19542 strings out of 481384
 355869 string characters out of 5925988
 809517 words of memory out of 5000000
 36627 multiletter control sequences out of 15000+600000
 539824 words of font info for 80 fonts, out of 8000000 for 9000
 14 hyphenation exceptions out of 8191
 53i,12n,118p,554b,501s stack positions out of 5000i,500n,10000p,200000b,80000s

Output written on supplementary.pdf (43 pages).
